2025-08-21 11:48:52,653 - INFO - 🛡️  === ULTRA-STABLE SHIPPING FEE CALCULATOR v3.0 ===
2025-08-21 11:48:52,653 - INFO - Mode: TEST
2025-08-21 11:48:52,653 - INFO - Ultra-conservative settings:
2025-08-21 11:48:52,653 - INFO -   - Batch size: 100
2025-08-21 11:48:52,653 - INFO -   - Chunk size: 1000
2025-08-21 11:48:52,653 - INFO -   - Connection check: every 100 records
2025-08-21 11:48:53,137 - INFO - ✅ Initial database connection successful
2025-08-21 11:48:56,228 - INFO - ✅ Backup created: *_backup_20250821_114853
2025-08-21 11:48:56,228 - INFO - 🔄 Starting ultra-stable processing...
2025-08-21 11:48:57,146 - INFO - Item 5: 3,000.00 VNĐ
2025-08-21 11:48:57,146 - INFO - Item 6: 3,000.00 VNĐ
2025-08-21 11:48:57,146 - INFO - Item 6: 5,400.00 VNĐ
2025-08-21 11:48:57,146 - INFO - Item 6: 5,400.00 VNĐ
2025-08-21 11:48:57,146 - INFO - Item 7: 3,000.00 VNĐ
2025-08-21 11:48:57,146 - INFO - Item 8: 3,000.00 VNĐ
2025-08-21 11:48:57,146 - INFO - Item 9: 3,000.00 VNĐ
2025-08-21 11:48:57,147 - INFO - Item 10: 3,000.00 VNĐ
2025-08-21 11:48:57,147 - INFO - Item 11: 3,900.00 VNĐ
2025-08-21 11:48:57,147 - INFO - Item 12: 3,900.00 VNĐ
2025-08-21 11:48:57,147 - INFO - Item 12: 3,000.00 VNĐ
2025-08-21 11:48:57,147 - INFO - Item 12: 5,400.00 VNĐ
2025-08-21 11:48:57,147 - INFO - Item 13: 2,400.00 VNĐ
2025-08-21 11:48:57,147 - INFO - Item 13: 3,000.00 VNĐ
2025-08-21 11:48:57,147 - INFO - Item 13: 5,400.00 VNĐ
2025-08-21 11:48:57,147 - INFO - Item 14: 3,900.00 VNĐ
2025-08-21 11:48:57,147 - INFO - Item 14: 3,000.00 VNĐ
2025-08-21 11:48:57,147 - INFO - Item 15: 2,400.00 VNĐ
2025-08-21 11:48:57,147 - INFO - Item 15: 3,900.00 VNĐ
2025-08-21 11:48:57,148 - INFO - Item 15: 5,400.00 VNĐ
2025-08-21 11:48:57,148 - INFO - Item 16: 2,400.00 VNĐ
2025-08-21 11:48:57,148 - INFO - Item 16: 3,000.00 VNĐ
2025-08-21 11:48:57,148 - INFO - Item 16: 3,000.00 VNĐ
2025-08-21 11:48:57,148 - INFO - Item 17: 2,400.00 VNĐ
2025-08-21 11:48:57,148 - INFO - Item 18: 3,900.00 VNĐ
2025-08-21 11:48:57,148 - INFO - Item 19: 3,900.00 VNĐ
2025-08-21 11:48:57,148 - INFO - Item 20: 3,900.00 VNĐ
2025-08-21 11:48:57,148 - INFO - Item 20: 5,400.00 VNĐ
2025-08-21 11:48:57,148 - INFO - Item 20: 3,000.00 VNĐ
2025-08-21 11:48:57,148 - INFO - Item 21: 2,400.00 VNĐ
2025-08-21 11:48:57,149 - INFO - Item 21: 5,400.00 VNĐ
2025-08-21 11:48:57,149 - INFO - Item 21: 5,400.00 VNĐ
2025-08-21 11:48:57,149 - INFO - Item 22: 3,900.00 VNĐ
2025-08-21 11:48:57,149 - INFO - Item 23: 3,900.00 VNĐ
2025-08-21 11:48:57,149 - INFO - Item 24: 3,000.00 VNĐ
2025-08-21 11:48:57,149 - INFO - Item 25: 3,000.00 VNĐ
2025-08-21 11:48:57,150 - INFO - Item 26: 3,000.00 VNĐ
2025-08-21 11:48:57,150 - INFO - Item 27: 2,400.00 VNĐ
2025-08-21 11:48:57,150 - INFO - Item 28: 2,400.00 VNĐ
2025-08-21 11:48:57,150 - INFO - Item 28: 3,000.00 VNĐ
2025-08-21 11:48:57,150 - INFO - Item 28: 3,000.00 VNĐ
2025-08-21 11:48:57,150 - INFO - Item 29: 2,400.00 VNĐ
2025-08-21 11:48:57,150 - INFO - Item 29: 5,400.00 VNĐ
2025-08-21 11:48:57,150 - INFO - Item 30: 2,400.00 VNĐ
2025-08-21 11:48:57,150 - INFO - Item 31: 2,400.00 VNĐ
2025-08-21 11:48:57,150 - INFO - Item 32: 3,000.00 VNĐ
2025-08-21 11:48:57,150 - INFO - Item 32: 3,000.00 VNĐ
2025-08-21 11:48:57,151 - INFO - Item 32: 5,400.00 VNĐ
2025-08-21 11:48:57,151 - INFO - Item 33: 3,000.00 VNĐ
2025-08-21 11:48:57,151 - INFO - Item 33: 5,400.00 VNĐ
2025-08-21 11:48:57,151 - INFO - Item 34: 3,000.00 VNĐ
2025-08-21 11:48:57,151 - INFO - Item 34: 3,000.00 VNĐ
2025-08-21 11:48:57,151 - INFO - Item 34: 5,400.00 VNĐ
2025-08-21 11:48:57,151 - INFO - Item 35: 3,000.00 VNĐ
2025-08-21 11:48:57,152 - INFO - Item 35: 5,400.00 VNĐ
2025-08-21 11:48:57,152 - INFO - Item 35: 3,000.00 VNĐ
2025-08-21 11:48:57,152 - INFO - Item 36: 3,000.00 VNĐ
2025-08-21 11:48:57,152 - INFO - Item 36: 3,000.00 VNĐ
2025-08-21 11:48:57,152 - INFO - Item 36: 5,400.00 VNĐ
2025-08-21 11:48:57,152 - INFO - Item 37: 3,000.00 VNĐ
2025-08-21 11:48:57,152 - INFO - Item 37: 3,900.00 VNĐ
2025-08-21 11:48:57,152 - INFO - Item 37: 3,000.00 VNĐ
2025-08-21 11:48:57,152 - INFO - Item 38: 3,900.00 VNĐ
2025-08-21 11:48:57,152 - INFO - Item 38: 3,000.00 VNĐ
2025-08-21 11:48:57,152 - INFO - Item 38: 3,000.00 VNĐ
2025-08-21 11:48:57,153 - INFO - Item 39: 3,900.00 VNĐ
2025-08-21 11:48:57,153 - INFO - Item 39: 3,000.00 VNĐ
2025-08-21 11:48:57,153 - INFO - Item 39: 3,000.00 VNĐ
2025-08-21 11:48:57,153 - INFO - Item 40: 3,900.00 VNĐ
2025-08-21 11:48:57,153 - INFO - Item 41: 3,900.00 VNĐ
2025-08-21 11:48:57,153 - INFO - Item 42: 3,900.00 VNĐ
2025-08-21 11:48:57,153 - INFO - Item 42: 3,000.00 VNĐ
2025-08-21 11:48:57,153 - INFO - Item 43: 3,000.00 VNĐ
2025-08-21 11:48:57,153 - INFO - Item 44: 3,000.00 VNĐ
2025-08-21 11:48:57,153 - INFO - Item 45: 3,000.00 VNĐ
2025-08-21 11:48:57,153 - INFO - Item 45: 3,000.00 VNĐ
2025-08-21 11:48:57,154 - INFO - Item 45: 3,000.00 VNĐ
2025-08-21 11:48:57,154 - INFO - Item 46: 3,000.00 VNĐ
2025-08-21 11:48:57,154 - INFO - Item 47: 3,000.00 VNĐ
2025-08-21 11:48:57,154 - INFO - Item 47: 3,000.00 VNĐ
2025-08-21 11:48:57,154 - INFO - Item 48: 3,000.00 VNĐ
2025-08-21 11:48:57,154 - INFO - Item 49: 3,000.00 VNĐ
2025-08-21 11:48:57,154 - INFO - Item 50: 3,000.00 VNĐ
2025-08-21 11:48:57,154 - INFO - Item 50: 3,000.00 VNĐ
2025-08-21 11:48:57,154 - INFO - Item 50: 5,400.00 VNĐ
2025-08-21 11:48:57,154 - INFO - Item 51: 2,400.00 VNĐ
2025-08-21 11:48:57,154 - INFO - Item 51: 3,000.00 VNĐ
2025-08-21 11:48:57,154 - INFO - Item 52: 3,000.00 VNĐ
2025-08-21 11:48:57,154 - INFO - Item 53: 48,000.00 VNĐ
2025-08-21 11:48:57,154 - INFO - Item 53: 60,000.00 VNĐ
2025-08-21 11:48:57,155 - INFO - Item 53: 60,000.00 VNĐ
2025-08-21 11:48:57,155 - INFO - Item 54: 21,600.00 VNĐ
2025-08-21 11:48:57,155 - INFO - Item 54: 21,600.00 VNĐ
2025-08-21 11:48:57,155 - INFO - Item 54: 9,600.00 VNĐ
2025-08-21 11:48:57,155 - INFO - Item 55: 6,000.00 VNĐ
2025-08-21 11:48:57,155 - INFO - Item 55: 4,800.00 VNĐ
2025-08-21 11:48:57,155 - INFO - Item 55: 10,800.00 VNĐ
2025-08-21 11:48:57,155 - INFO - Item 56: 9,600.00 VNĐ
2025-08-21 11:48:57,155 - INFO - Item 57: 4,800.00 VNĐ
2025-08-21 11:48:57,155 - INFO - Item 57: 10,800.00 VNĐ
2025-08-21 11:48:58,915 - INFO - Item 58: 4,800.00 VNĐ
2025-08-21 11:48:58,915 - INFO - Item 59: 4,800.00 VNĐ
2025-08-21 11:48:58,916 - INFO - Item 59: 6,000.00 VNĐ
2025-08-21 11:48:58,916 - INFO - Item 59: 6,000.00 VNĐ
2025-08-21 11:48:58,917 - INFO - Item 60: 7,200.00 VNĐ
2025-08-21 11:48:58,917 - INFO - Item 61: 7,200.00 VNĐ
2025-08-21 11:48:58,917 - INFO - Item 62: 48,000.00 VNĐ
2025-08-21 11:48:58,917 - INFO - Item 62: 60,000.00 VNĐ
2025-08-21 11:48:58,917 - INFO - Item 62: 108,000.00 VNĐ
2025-08-21 11:48:58,917 - INFO - Item 63: 48,000.00 VNĐ
2025-08-21 11:48:58,917 - INFO - Item 63: 108,000.00 VNĐ
2025-08-21 11:48:58,917 - INFO - Item 63: 108,000.00 VNĐ
2025-08-21 11:48:58,917 - INFO - Item 64: 12,000.00 VNĐ
2025-08-21 11:48:58,917 - INFO - Item 64: 15,000.00 VNĐ
2025-08-21 11:48:58,918 - INFO - Item 64: 15,000.00 VNĐ
2025-08-21 11:48:58,918 - INFO - Item 65: 9,600.00 VNĐ
2025-08-21 11:48:58,918 - INFO - Item 66: 2,400.00 VNĐ
2025-08-21 11:48:58,918 - INFO - Item 66: 3,000.00 VNĐ
2025-08-21 11:48:58,918 - INFO - Item 66: 3,000.00 VNĐ
2025-08-21 11:48:58,918 - INFO - Item 67: 7,500.00 VNĐ
2025-08-21 11:48:58,918 - INFO - Item 67: 7,500.00 VNĐ
2025-08-21 11:48:58,918 - INFO - Item 67: 6,000.00 VNĐ
2025-08-21 11:48:58,918 - INFO - Item 68: 15,000.00 VNĐ
2025-08-21 11:48:58,919 - INFO - Item 68: 12,000.00 VNĐ
2025-08-21 11:48:58,919 - INFO - Item 68: 15,000.00 VNĐ
2025-08-21 11:48:58,919 - INFO - Item 69: 12,000.00 VNĐ
2025-08-21 11:48:58,919 - INFO - Item 70: 12,000.00 VNĐ
2025-08-21 11:48:58,919 - INFO - Item 71: 48,000.00 VNĐ
2025-08-21 11:48:58,919 - INFO - Item 72: 60,000.00 VNĐ
2025-08-21 11:48:58,920 - INFO - Item 72: 48,000.00 VNĐ
2025-08-21 11:48:58,920 - INFO - Item 72: 60,000.00 VNĐ
2025-08-21 11:48:58,920 - INFO - Item 73: 48,000.00 VNĐ
2025-08-21 11:48:58,920 - INFO - Item 73: 60,000.00 VNĐ
2025-08-21 11:48:58,920 - INFO - Item 74: 48,000.00 VNĐ
2025-08-21 11:48:58,920 - INFO - Item 74: 60,000.00 VNĐ
2025-08-21 11:48:58,920 - INFO - Item 74: 60,000.00 VNĐ
2025-08-21 11:48:58,920 - INFO - Item 75: 4,800.00 VNĐ
2025-08-21 11:48:58,920 - INFO - Item 76: 9,600.00 VNĐ
2025-08-21 11:48:58,920 - INFO - Item 76: 21,600.00 VNĐ
2025-08-21 11:48:58,920 - INFO - Item 77: 4,800.00 VNĐ
2025-08-21 11:48:58,920 - INFO - Item 78: 2,400.00 VNĐ
2025-08-21 11:48:58,920 - INFO - Item 79: 12,000.00 VNĐ
2025-08-21 11:48:58,921 - INFO - Item 79: 15,000.00 VNĐ
2025-08-21 11:48:58,921 - INFO - Item 79: 15,000.00 VNĐ
2025-08-21 11:48:58,921 - INFO - Item 80: 60,000.00 VNĐ
2025-08-21 11:48:58,921 - INFO - Item 80: 48,000.00 VNĐ
2025-08-21 11:48:58,921 - INFO - Item 81: 48,000.00 VNĐ
2025-08-21 11:48:58,921 - INFO - Item 81: 60,000.00 VNĐ
2025-08-21 11:48:58,921 - INFO - Item 81: 108,000.00 VNĐ
2025-08-21 11:48:58,921 - INFO - Item 82: 108,000.00 VNĐ
2025-08-21 11:48:58,921 - INFO - Item 82: 60,000.00 VNĐ
2025-08-21 11:48:58,922 - INFO - Item 82: 48,000.00 VNĐ
2025-08-21 11:48:58,922 - INFO - Item 83: 48,000.00 VNĐ
2025-08-21 11:48:58,922 - INFO - Item 84: 48,000.00 VNĐ
2025-08-21 11:48:58,922 - INFO - Item 85: 48,000.00 VNĐ
2025-08-21 11:48:58,922 - INFO - Item 85: 60,000.00 VNĐ
2025-08-21 11:48:58,922 - INFO - Item 86: 48,000.00 VNĐ
2025-08-21 11:48:58,922 - INFO - Item 87: 4,800.00 VNĐ
2025-08-21 11:48:58,922 - INFO - Item 88: 12,000.00 VNĐ
2025-08-21 11:48:58,922 - INFO - Item 88: 9,600.00 VNĐ
2025-08-21 11:48:58,922 - INFO - Item 88: 21,600.00 VNĐ
2025-08-21 11:48:58,922 - INFO - Item 89: 4,800.00 VNĐ
2025-08-21 11:48:58,923 - INFO - Item 90: 6,000.00 VNĐ
2025-08-21 11:48:58,923 - INFO - Item 90: 10,800.00 VNĐ
2025-08-21 11:48:58,923 - INFO - Item 90: 4,800.00 VNĐ
2025-08-21 11:48:58,923 - INFO - Item 91: 4,800.00 VNĐ
2025-08-21 11:48:58,923 - INFO - Item 92: 4,800.00 VNĐ
2025-08-21 11:48:58,923 - INFO - Item 93: 6,000.00 VNĐ
2025-08-21 11:48:58,923 - INFO - Item 93: 4,800.00 VNĐ
2025-08-21 11:48:58,923 - INFO - Item 93: 6,000.00 VNĐ
2025-08-21 11:48:58,923 - INFO - Item 94: 6,000.00 VNĐ
2025-08-21 11:48:58,923 - INFO - Item 94: 4,800.00 VNĐ
2025-08-21 11:48:58,923 - INFO - Item 94: 6,000.00 VNĐ
2025-08-21 11:48:58,923 - INFO - Item 95: 6,000.00 VNĐ
2025-08-21 11:48:58,923 - INFO - Item 95: 10,800.00 VNĐ
2025-08-21 11:48:58,924 - INFO - Item 95: 4,800.00 VNĐ
2025-08-21 11:48:58,924 - INFO - Item 96: 9,600.00 VNĐ
2025-08-21 11:48:58,924 - INFO - Item 97: 6,000.00 VNĐ
2025-08-21 11:48:58,924 - INFO - Item 98: 12,000.00 VNĐ
2025-08-21 11:48:58,924 - INFO - Item 99: 12,000.00 VNĐ
2025-08-21 11:48:58,924 - INFO - Item 100: 6,000.00 VNĐ
2025-08-21 11:48:58,924 - INFO - Item 100: 10,800.00 VNĐ
2025-08-21 11:48:58,924 - INFO - Item 100: 6,000.00 VNĐ
2025-08-21 11:48:58,924 - INFO - Item 101: 6,000.00 VNĐ
2025-08-21 11:48:58,924 - INFO - Item 102: 6,000.00 VNĐ
2025-08-21 11:48:58,924 - INFO - Item 102: 6,000.00 VNĐ
2025-08-21 11:48:58,924 - INFO - Item 102: 6,000.00 VNĐ
2025-08-21 11:48:58,924 - INFO - Item 103: 12,000.00 VNĐ
2025-08-21 11:48:58,924 - INFO - Item 103: 12,000.00 VNĐ
2025-08-21 11:48:58,925 - INFO - Item 104: 10,800.00 VNĐ
2025-08-21 11:48:58,925 - INFO - Item 104: 6,000.00 VNĐ
2025-08-21 11:48:58,925 - INFO - Item 104: 6,000.00 VNĐ
2025-08-21 11:48:58,925 - INFO - Item 105: 6,000.00 VNĐ
2025-08-21 11:48:58,925 - INFO - Item 106: 12,000.00 VNĐ
2025-08-21 11:48:58,925 - INFO - Item 106: 12,000.00 VNĐ
2025-08-21 11:48:58,925 - INFO - Item 106: 12,000.00 VNĐ
2025-08-21 11:48:58,925 - INFO - Item 107: 6,000.00 VNĐ
2025-08-21 11:48:58,925 - INFO - Item 108: 6,000.00 VNĐ
2025-08-21 11:48:58,925 - INFO - Item 108: 6,000.00 VNĐ
2025-08-21 11:48:58,925 - INFO - Item 108: 6,000.00 VNĐ
2025-08-21 11:49:01,767 - INFO - Item 109: 12,000.00 VNĐ
2025-08-21 11:49:01,767 - INFO - Item 109: 12,000.00 VNĐ
2025-08-21 11:49:01,767 - INFO - Item 109: 12,000.00 VNĐ
2025-08-21 11:49:01,767 - INFO - Item 110: 10,800.00 VNĐ
2025-08-21 11:49:01,767 - INFO - Item 110: 6,000.00 VNĐ
2025-08-21 11:49:01,768 - INFO - Item 110: 6,000.00 VNĐ
2025-08-21 11:49:01,768 - INFO - Item 111: 12,000.00 VNĐ
2025-08-21 11:49:01,768 - INFO - Item 111: 12,000.00 VNĐ
2025-08-21 11:49:01,768 - INFO - Item 111: 12,000.00 VNĐ
2025-08-21 11:49:01,768 - INFO - Item 112: 6,000.00 VNĐ
2025-08-21 11:49:01,768 - INFO - Item 112: 10,800.00 VNĐ
2025-08-21 11:49:01,768 - INFO - Item 112: 10,800.00 VNĐ
2025-08-21 11:49:01,768 - INFO - Item 113: 6,000.00 VNĐ
2025-08-21 11:49:01,768 - INFO - Item 113: 10,800.00 VNĐ
2025-08-21 11:49:01,769 - INFO - Item 113: 6,000.00 VNĐ
2025-08-21 11:49:01,769 - INFO - Item 114: 6,000.00 VNĐ
2025-08-21 11:49:01,769 - INFO - Item 115: 6,000.00 VNĐ
2025-08-21 11:49:01,769 - INFO - Item 116: 12,000.00 VNĐ
2025-08-21 11:49:01,769 - INFO - Item 116: 12,000.00 VNĐ
2025-08-21 11:49:01,769 - INFO - Item 116: 12,000.00 VNĐ
2025-08-21 11:49:01,769 - INFO - Item 117: 6,000.00 VNĐ
2025-08-21 11:49:01,769 - INFO - Item 118: 6,000.00 VNĐ
2025-08-21 11:49:01,769 - INFO - Item 119: 6,000.00 VNĐ
2025-08-21 11:49:01,769 - INFO - Item 120: 7,500.00 VNĐ
2025-08-21 11:49:01,769 - INFO - Item 120: 7,500.00 VNĐ
2025-08-21 11:49:01,769 - INFO - Item 120: 13,500.00 VNĐ
2025-08-21 11:49:01,769 - INFO - Item 121: 7,500.00 VNĐ
2025-08-21 11:49:01,769 - INFO - Item 122: 3,000.00 VNĐ
2025-08-21 11:49:01,769 - INFO - Item 122: 3,000.00 VNĐ
2025-08-21 11:49:01,770 - INFO - Item 122: 3,000.00 VNĐ
2025-08-21 11:49:01,770 - INFO - Item 123: 6,000.00 VNĐ
2025-08-21 11:49:01,770 - INFO - Item 123: 6,000.00 VNĐ
2025-08-21 11:49:01,770 - INFO - Item 123: 6,000.00 VNĐ
2025-08-21 11:49:01,770 - INFO - Item 124: 60,000.00 VNĐ
2025-08-21 11:49:01,770 - INFO - Item 125: 27,000.00 VNĐ
2025-08-21 11:49:01,770 - INFO - Item 125: 15,000.00 VNĐ
2025-08-21 11:49:01,770 - INFO - Item 125: 27,000.00 VNĐ
2025-08-21 11:49:01,770 - INFO - Item 126: 15,000.00 VNĐ
2025-08-21 11:49:01,770 - INFO - Item 126: 15,000.00 VNĐ
2025-08-21 11:49:01,770 - INFO - Item 126: 27,000.00 VNĐ
2025-08-21 11:49:01,770 - INFO - Item 127: 15,000.00 VNĐ
2025-08-21 11:49:01,770 - INFO - Item 128: 15,000.00 VNĐ
2025-08-21 11:49:01,770 - INFO - Item 129: 15,000.00 VNĐ
2025-08-21 11:49:01,770 - INFO - Item 130: 15,000.00 VNĐ
2025-08-21 11:49:01,770 - INFO - Item 131: 15,000.00 VNĐ
2025-08-21 11:49:01,770 - INFO - Item 132: 15,000.00 VNĐ
2025-08-21 11:49:01,770 - INFO - Item 133: 15,000.00 VNĐ
2025-08-21 11:49:01,770 - INFO - Item 133: 15,000.00 VNĐ
2025-08-21 11:49:01,770 - INFO - Item 133: 15,000.00 VNĐ
2025-08-21 11:49:01,770 - INFO - Item 134: 3,000.00 VNĐ
2025-08-21 11:49:01,770 - INFO - Item 134: 5,400.00 VNĐ
2025-08-21 11:49:01,770 - INFO - Item 134: 3,000.00 VNĐ
2025-08-21 11:49:01,771 - INFO - Item 135: 60,000.00 VNĐ
2025-08-21 11:49:01,771 - INFO - Item 136: 60,000.00 VNĐ
2025-08-21 11:49:01,771 - INFO - Item 136: 60,000.00 VNĐ
2025-08-21 11:49:01,771 - INFO - Item 136: 60,000.00 VNĐ
2025-08-21 11:49:01,771 - INFO - Item 137: 78,000.00 VNĐ
2025-08-21 11:49:01,771 - INFO - Item 137: 60,000.00 VNĐ
2025-08-21 11:49:01,771 - INFO - Item 137: 60,000.00 VNĐ
2025-08-21 11:49:01,771 - INFO - Item 138: 60,000.00 VNĐ
2025-08-21 11:49:01,771 - INFO - Item 138: 108,000.00 VNĐ
2025-08-21 11:49:01,771 - INFO - Item 139: 60,000.00 VNĐ
2025-08-21 11:49:01,771 - INFO - Item 140: 60,000.00 VNĐ
2025-08-21 11:49:01,771 - INFO - Item 141: 60,000.00 VNĐ
2025-08-21 11:49:01,771 - INFO - Item 141: 60,000.00 VNĐ
2025-08-21 11:49:01,771 - INFO - Item 142: 12,000.00 VNĐ
2025-08-21 11:49:01,771 - INFO - Item 143: 12,000.00 VNĐ
2025-08-21 11:49:01,771 - INFO - Item 143: 27,000.00 VNĐ
2025-08-21 11:49:01,771 - INFO - Item 143: 15,000.00 VNĐ
2025-08-21 11:49:01,771 - INFO - Item 144: 12,000.00 VNĐ
2025-08-21 11:49:01,771 - INFO - Item 145: 27,000.00 VNĐ
2025-08-21 11:49:01,771 - INFO - Item 145: 12,000.00 VNĐ
2025-08-21 11:49:01,772 - INFO - Item 146: 48,000.00 VNĐ
2025-08-21 11:49:01,772 - INFO - Item 146: 108,000.00 VNĐ
2025-08-21 11:49:01,772 - INFO - Item 146: 60,000.00 VNĐ
2025-08-21 11:49:01,772 - INFO - Item 147: 12,000.00 VNĐ
2025-08-21 11:49:01,772 - INFO - Item 147: 15,000.00 VNĐ
2025-08-21 11:49:01,772 - INFO - Item 147: 15,000.00 VNĐ
2025-08-21 11:49:01,772 - INFO - Item 148: 750,000.00 VNĐ
2025-08-21 11:49:01,772 - INFO - Item 148: 600,000.00 VNĐ
2025-08-21 11:49:01,772 - INFO - Item 148: 1,350,000.00 VNĐ
2025-08-21 11:49:01,772 - INFO - Item 149: 600,000.00 VNĐ
2025-08-21 11:49:01,772 - INFO - Item 149: 1,350,000.00 VNĐ
2025-08-21 11:49:01,772 - INFO - Item 150: 30,000.00 VNĐ
2025-08-21 11:49:01,773 - INFO - Item 150: 24,000.00 VNĐ
2025-08-21 11:49:01,773 - INFO - Item 150: 30,000.00 VNĐ
2025-08-21 11:49:01,773 - INFO - Item 151: 6,000.00 VNĐ
2025-08-21 11:49:01,773 - INFO - Item 151: 6,000.00 VNĐ
2025-08-21 11:49:01,773 - INFO - Item 151: 4,800.00 VNĐ
2025-08-21 11:49:01,773 - INFO - Item 152: 24,000.00 VNĐ
2025-08-21 11:49:01,773 - INFO - Item 153: 4,800.00 VNĐ
2025-08-21 11:49:01,773 - INFO - Item 154: 24,000.00 VNĐ
2025-08-21 11:49:01,773 - INFO - Item 155: 4,800.00 VNĐ
2025-08-21 11:49:01,773 - INFO - Item 155: 6,000.00 VNĐ
2025-08-21 11:49:01,773 - INFO - Item 155: 10,800.00 VNĐ
2025-08-21 11:49:01,773 - INFO - Item 156: 24,000.00 VNĐ
2025-08-21 11:49:01,773 - INFO - Item 156: 30,000.00 VNĐ
2025-08-21 11:49:01,773 - INFO - Item 156: 54,000.00 VNĐ
2025-08-21 11:49:01,773 - INFO - Item 157: 36,000.00 VNĐ
2025-08-21 11:49:01,773 - INFO - Item 157: 81,000.00 VNĐ
2025-08-21 11:49:05,930 - INFO - Item 158: 6,000.00 VNĐ
2025-08-21 11:49:05,931 - INFO - Item 158: 10,800.00 VNĐ
2025-08-21 11:49:05,931 - INFO - Item 158: 4,800.00 VNĐ
2025-08-21 11:49:05,931 - INFO - Item 159: 6,000.00 VNĐ
2025-08-21 11:49:05,931 - INFO - Item 159: 10,800.00 VNĐ
2025-08-21 11:49:05,931 - INFO - Item 159: 4,800.00 VNĐ
2025-08-21 11:49:05,931 - INFO - Item 160: 36,000.00 VNĐ
2025-08-21 11:49:05,931 - INFO - Item 161: 6,000.00 VNĐ
2025-08-21 11:49:05,931 - INFO - Item 161: 4,800.00 VNĐ
2025-08-21 11:49:05,932 - INFO - Item 161: 6,000.00 VNĐ
2025-08-21 11:49:05,932 - INFO - Item 162: 54,000.00 VNĐ
2025-08-21 11:49:05,932 - INFO - Item 162: 24,000.00 VNĐ
2025-08-21 11:49:05,932 - INFO - Item 163: 6,000.00 VNĐ
2025-08-21 11:49:05,932 - INFO - Item 163: 6,000.00 VNĐ
2025-08-21 11:49:05,932 - INFO - Item 163: 4,800.00 VNĐ
2025-08-21 11:49:05,932 - INFO - Item 164: 24,000.00 VNĐ
2025-08-21 11:49:05,933 - INFO - Item 165: 36,000.00 VNĐ
2025-08-21 11:49:05,933 - INFO - Item 165: 45,000.00 VNĐ
2025-08-21 11:49:05,933 - INFO - Item 166: 4,800.00 VNĐ
2025-08-21 11:49:05,933 - INFO - Item 167: 54,000.00 VNĐ
2025-08-21 11:49:05,933 - INFO - Item 167: 30,000.00 VNĐ
2025-08-21 11:49:05,933 - INFO - Item 167: 24,000.00 VNĐ
2025-08-21 11:49:05,934 - INFO - Item 168: 4,800.00 VNĐ
2025-08-21 11:49:05,934 - INFO - Item 169: 24,000.00 VNĐ
2025-08-21 11:49:05,934 - INFO - Item 170: 6,000.00 VNĐ
2025-08-21 11:49:05,935 - INFO - Item 170: 6,000.00 VNĐ
2025-08-21 11:49:05,935 - INFO - Item 170: 4,800.00 VNĐ
2025-08-21 11:49:05,935 - INFO - Item 171: 54,000.00 VNĐ
2025-08-21 11:49:05,935 - INFO - Item 171: 30,000.00 VNĐ
2025-08-21 11:49:05,936 - INFO - Item 171: 24,000.00 VNĐ
2025-08-21 11:49:05,936 - INFO - Item 172: 24,000.00 VNĐ
2025-08-21 11:49:05,936 - INFO - Item 173: 24,000.00 VNĐ
2025-08-21 11:49:05,936 - INFO - Item 174: 4,800.00 VNĐ
2025-08-21 11:49:05,937 - INFO - Item 175: 4,800.00 VNĐ
2025-08-21 11:49:05,937 - INFO - Item 176: 24,000.00 VNĐ
2025-08-21 11:49:05,937 - INFO - Item 177: 45,000.00 VNĐ
2025-08-21 11:49:05,938 - INFO - Item 177: 45,000.00 VNĐ
2025-08-21 11:49:05,938 - INFO - Item 177: 36,000.00 VNĐ
2025-08-21 11:49:05,938 - INFO - Item 178: 4,800.00 VNĐ
2025-08-21 11:49:05,938 - INFO - Item 179: 2,700,000.00 VNĐ
2025-08-21 11:49:05,938 - INFO - Item 179: 1,200,000.00 VNĐ
2025-08-21 11:49:05,938 - INFO - Item 179: 1,500,000.00 VNĐ
2025-08-21 11:49:05,938 - INFO - Item 180: 3,000.00 VNĐ
2025-08-21 11:49:05,938 - INFO - Item 180: 2,400.00 VNĐ
2025-08-21 11:49:05,938 - INFO - Item 181: 48,000.00 VNĐ
2025-08-21 11:49:05,939 - INFO - Item 181: 108,000.00 VNĐ
2025-08-21 11:49:05,939 - INFO - Item 181: 60,000.00 VNĐ
2025-08-21 11:49:05,939 - INFO - Item 182: 9,000.00 VNĐ
2025-08-21 11:49:05,939 - INFO - Item 182: 16,200.00 VNĐ
2025-08-21 11:49:05,939 - INFO - Item 182: 7,200.00 VNĐ
2025-08-21 11:49:05,939 - INFO - Item 183: 12,000.00 VNĐ
2025-08-21 11:49:05,940 - INFO - Item 183: 27,000.00 VNĐ
2025-08-21 11:49:05,940 - INFO - Item 183: 15,000.00 VNĐ
2025-08-21 11:49:05,940 - INFO - Item 184: 12,000.00 VNĐ
2025-08-21 11:49:05,940 - INFO - Item 185: 9,000.00 VNĐ
2025-08-21 11:49:05,940 - INFO - Item 185: 9,000.00 VNĐ
2025-08-21 11:49:05,940 - INFO - Item 185: 7,200.00 VNĐ
2025-08-21 11:49:05,940 - INFO - Item 186: 15,000.00 VNĐ
2025-08-21 11:49:05,941 - INFO - Item 186: 12,000.00 VNĐ
2025-08-21 11:49:05,941 - INFO - Item 186: 27,000.00 VNĐ
2025-08-21 11:49:05,941 - INFO - Item 187: 15,000.00 VNĐ
2025-08-21 11:49:05,941 - INFO - Item 187: 12,000.00 VNĐ
2025-08-21 11:49:05,942 - INFO - Item 187: 27,000.00 VNĐ
2025-08-21 11:49:05,942 - INFO - Item 188: 9,000.00 VNĐ
2025-08-21 11:49:05,942 - INFO - Item 188: 16,200.00 VNĐ
2025-08-21 11:49:05,942 - INFO - Item 189: 15,000.00 VNĐ
2025-08-21 11:49:05,942 - INFO - Item 190: 15,000.00 VNĐ
2025-08-21 11:49:05,942 - INFO - Item 191: 15,000.00 VNĐ
2025-08-21 11:49:05,942 - INFO - Item 192: 60,000.00 VNĐ
2025-08-21 11:49:05,942 - INFO - Item 192: 60,000.00 VNĐ
2025-08-21 11:49:05,943 - INFO - Item 193: 60,000.00 VNĐ
2025-08-21 11:49:05,943 - INFO - Item 193: 60,000.00 VNĐ
2025-08-21 11:49:05,943 - INFO - Item 193: 60,000.00 VNĐ
2025-08-21 11:49:05,943 - INFO - Item 194: 60,000.00 VNĐ
2025-08-21 11:49:05,943 - INFO - Item 195: 12,000.00 VNĐ
2025-08-21 11:49:05,943 - INFO - Item 195: 12,000.00 VNĐ
2025-08-21 11:49:05,943 - INFO - Item 195: 21,600.00 VNĐ
2025-08-21 11:49:05,943 - INFO - Item 196: 6,000.00 VNĐ
2025-08-21 11:49:05,943 - INFO - Item 197: 6,000.00 VNĐ
2025-08-21 11:49:05,943 - INFO - Item 197: 6,000.00 VNĐ
2025-08-21 11:49:05,943 - INFO - Item 197: 10,800.00 VNĐ
2025-08-21 11:49:05,943 - INFO - Item 198: 6,000.00 VNĐ
2025-08-21 11:49:05,943 - INFO - Item 198: 10,800.00 VNĐ
2025-08-21 11:49:05,943 - INFO - Item 199: 10,800.00 VNĐ
2025-08-21 11:49:05,944 - INFO - Item 199: 6,000.00 VNĐ
2025-08-21 11:49:05,944 - INFO - Item 199: 6,000.00 VNĐ
2025-08-21 11:49:05,944 - INFO - Item 200: 12,000.00 VNĐ
2025-08-21 11:49:05,944 - INFO - Item 200: 12,000.00 VNĐ
2025-08-21 11:49:05,944 - INFO - Item 200: 12,000.00 VNĐ
2025-08-21 11:49:05,944 - INFO - Item 201: 21,600.00 VNĐ
2025-08-21 11:49:05,944 - INFO - Item 201: 12,000.00 VNĐ
2025-08-21 11:49:05,944 - INFO - Item 201: 21,600.00 VNĐ
2025-08-21 11:49:05,945 - INFO - Item 202: 3,000.00 VNĐ
2025-08-21 11:49:05,945 - INFO - Item 203: 5,400.00 VNĐ
2025-08-21 11:49:05,945 - INFO - Item 203: 3,000.00 VNĐ
2025-08-21 11:49:05,945 - INFO - Item 203: 5,400.00 VNĐ
2025-08-21 11:49:05,945 - INFO - Item 204: 108,000.00 VNĐ
2025-08-21 11:49:05,945 - INFO - Item 204: 60,000.00 VNĐ
2025-08-21 11:49:05,945 - INFO - Item 204: 108,000.00 VNĐ
2025-08-21 11:49:05,945 - INFO - Item 205: 60,000.00 VNĐ
2025-08-21 11:49:09,359 - INFO - Item 206: 6,000.00 VNĐ
2025-08-21 11:49:09,361 - INFO - Item 207: 12,000.00 VNĐ
2025-08-21 11:49:09,361 - INFO - Item 208: 6,000.00 VNĐ
2025-08-21 11:49:09,361 - INFO - Item 208: 6,000.00 VNĐ
2025-08-21 11:49:09,361 - INFO - Item 208: 10,800.00 VNĐ
2025-08-21 11:49:09,361 - INFO - Item 209: 3,000.00 VNĐ
2025-08-21 11:49:09,361 - INFO - Item 210: 15,000.00 VNĐ
2025-08-21 11:49:09,361 - INFO - Item 211: 60,000.00 VNĐ
2025-08-21 11:49:09,361 - INFO - Item 211: 60,000.00 VNĐ
2025-08-21 11:49:09,361 - INFO - Item 211: 60,000.00 VNĐ
2025-08-21 11:49:09,361 - INFO - Item 212: 60,000.00 VNĐ
2025-08-21 11:49:09,361 - INFO - Item 213: 60,000.00 VNĐ
2025-08-21 11:49:09,362 - INFO - Item 214: 60,000.00 VNĐ
2025-08-21 11:49:09,362 - INFO - Item 215: 60,000.00 VNĐ
2025-08-21 11:49:09,362 - INFO - Item 216: 6,000.00 VNĐ
2025-08-21 11:49:09,362 - INFO - Item 216: 6,000.00 VNĐ
2025-08-21 11:49:09,362 - INFO - Item 216: 6,000.00 VNĐ
2025-08-21 11:49:09,362 - INFO - Item 217: 6,000.00 VNĐ
2025-08-21 11:49:09,362 - INFO - Item 218: 12,000.00 VNĐ
2025-08-21 11:49:09,362 - INFO - Item 218: 12,000.00 VNĐ
2025-08-21 11:49:09,362 - INFO - Item 218: 12,000.00 VNĐ
2025-08-21 11:49:09,362 - INFO - Item 219: 12,000.00 VNĐ
2025-08-21 11:49:09,362 - INFO - Item 219: 21,600.00 VNĐ
2025-08-21 11:49:09,362 - INFO - Item 219: 12,000.00 VNĐ
2025-08-21 11:49:09,362 - INFO - Item 220: 6,000.00 VNĐ
2025-08-21 11:49:09,363 - INFO - Item 221: 6,000.00 VNĐ
2025-08-21 11:49:09,363 - INFO - Item 222: 6,000.00 VNĐ
2025-08-21 11:49:09,363 - INFO - Item 222: 6,000.00 VNĐ
2025-08-21 11:49:09,363 - INFO - Item 222: 6,000.00 VNĐ
2025-08-21 11:49:09,363 - INFO - Item 223: 6,000.00 VNĐ
2025-08-21 11:49:09,363 - INFO - Item 223: 10,800.00 VNĐ
2025-08-21 11:49:09,363 - INFO - Item 223: 6,000.00 VNĐ
2025-08-21 11:49:09,363 - INFO - Item 224: 3,000.00 VNĐ
2025-08-21 11:49:09,363 - INFO - Item 224: 5,400.00 VNĐ
2025-08-21 11:49:09,363 - INFO - Item 224: 3,000.00 VNĐ
2025-08-21 11:49:09,363 - INFO - Item 225: 27,000.00 VNĐ
2025-08-21 11:49:09,363 - INFO - Item 225: 15,000.00 VNĐ
2025-08-21 11:49:09,363 - INFO - Item 225: 15,000.00 VNĐ
2025-08-21 11:49:09,363 - INFO - Item 226: 27,000.00 VNĐ
2025-08-21 11:49:09,364 - INFO - Item 226: 15,000.00 VNĐ
2025-08-21 11:49:09,364 - INFO - Item 226: 15,000.00 VNĐ
2025-08-21 11:49:09,364 - INFO - Item 227: 15,000.00 VNĐ
2025-08-21 11:49:09,364 - INFO - Item 228: 27,000.00 VNĐ
2025-08-21 11:49:09,364 - INFO - Item 228: 27,000.00 VNĐ
2025-08-21 11:49:09,364 - INFO - Item 228: 15,000.00 VNĐ
2025-08-21 11:49:09,364 - INFO - Item 229: 15,000.00 VNĐ
2025-08-21 11:49:09,364 - INFO - Item 229: 27,000.00 VNĐ
2025-08-21 11:49:09,364 - INFO - Item 229: 27,000.00 VNĐ
2025-08-21 11:49:09,364 - INFO - Item 230: 27,000.00 VNĐ
2025-08-21 11:49:09,364 - INFO - Item 230: 15,000.00 VNĐ
2025-08-21 11:49:09,364 - INFO - Item 230: 27,000.00 VNĐ
2025-08-21 11:49:09,364 - INFO - Item 231: 15,000.00 VNĐ
2025-08-21 11:49:09,364 - INFO - Item 231: 15,000.00 VNĐ
2025-08-21 11:49:09,365 - INFO - Item 231: 15,000.00 VNĐ
2025-08-21 11:49:09,365 - INFO - Item 232: 27,000.00 VNĐ
2025-08-21 11:49:09,365 - INFO - Item 232: 15,000.00 VNĐ
2025-08-21 11:49:09,365 - INFO - Item 232: 15,000.00 VNĐ
2025-08-21 11:49:09,365 - INFO - Item 233: 15,000.00 VNĐ
2025-08-21 11:49:09,365 - INFO - Item 233: 15,000.00 VNĐ
2025-08-21 11:49:09,365 - INFO - Item 233: 15,000.00 VNĐ
2025-08-21 11:49:09,365 - INFO - Item 234: 27,000.00 VNĐ
2025-08-21 11:49:09,365 - INFO - Item 234: 15,000.00 VNĐ
2025-08-21 11:49:09,365 - INFO - Item 234: 15,000.00 VNĐ
2025-08-21 11:49:09,366 - INFO - Item 235: 60,000.00 VNĐ
2025-08-21 11:49:09,366 - INFO - Item 235: 60,000.00 VNĐ
2025-08-21 11:49:09,366 - INFO - Item 235: 60,000.00 VNĐ
2025-08-21 11:49:09,367 - INFO - Item 236: 27,000.00 VNĐ
2025-08-21 11:49:09,367 - INFO - Item 236: 27,000.00 VNĐ
2025-08-21 11:49:09,368 - INFO - Item 236: 15,000.00 VNĐ
2025-08-21 11:49:09,368 - INFO - Item 237: 15,000.00 VNĐ
2025-08-21 11:49:09,368 - INFO - Item 238: 15,000.00 VNĐ
2025-08-21 11:49:09,368 - INFO - Item 239: 6,000.00 VNĐ
2025-08-21 11:49:09,368 - INFO - Item 240: 15,000.00 VNĐ
2025-08-21 11:49:09,368 - INFO - Item 240: 27,000.00 VNĐ
2025-08-21 11:49:09,368 - INFO - Item 240: 15,000.00 VNĐ
2025-08-21 11:49:09,368 - INFO - Item 241: 15,000.00 VNĐ
2025-08-21 11:49:09,368 - INFO - Item 242: 15,000.00 VNĐ
2025-08-21 11:49:09,368 - INFO - Item 242: 15,000.00 VNĐ
2025-08-21 11:49:09,368 - INFO - Item 242: 15,000.00 VNĐ
2025-08-21 11:49:09,368 - INFO - Item 243: 15,000.00 VNĐ
2025-08-21 11:49:09,369 - INFO - Item 244: 60,000.00 VNĐ
2025-08-21 11:49:09,369 - INFO - Item 244: 60,000.00 VNĐ
2025-08-21 11:49:09,369 - INFO - Item 244: 60,000.00 VNĐ
2025-08-21 11:49:09,369 - INFO - Item 245: 15,000.00 VNĐ
2025-08-21 11:49:09,369 - INFO - Item 245: 15,000.00 VNĐ
2025-08-21 11:49:09,369 - INFO - Item 245: 27,000.00 VNĐ
2025-08-21 11:49:09,369 - INFO - Item 246: 15,000.00 VNĐ
2025-08-21 11:49:09,369 - INFO - Item 247: 15,000.00 VNĐ
2025-08-21 11:49:09,369 - INFO - Item 247: 15,000.00 VNĐ
2025-08-21 11:49:09,369 - INFO - Item 247: 15,000.00 VNĐ
2025-08-21 11:49:09,369 - INFO - Item 248: 30,000.00 VNĐ
2025-08-21 11:49:09,369 - INFO - Item 249: 15,000.00 VNĐ
2025-08-21 11:49:09,369 - INFO - Item 249: 15,000.00 VNĐ
2025-08-21 11:49:09,370 - INFO - Item 249: 27,000.00 VNĐ
2025-08-21 11:49:09,370 - INFO - Item 250: 60,000.00 VNĐ
2025-08-21 11:49:09,370 - INFO - Item 251: 15,000.00 VNĐ
2025-08-21 11:49:09,370 - INFO - Item 251: 15,000.00 VNĐ
2025-08-21 11:49:09,370 - INFO - Item 251: 27,000.00 VNĐ
2025-08-21 11:49:09,370 - INFO - Item 252: 15,000.00 VNĐ
2025-08-21 11:49:09,370 - INFO - Item 253: 15,000.00 VNĐ
2025-08-21 11:49:12,928 - INFO - Item 254: 15,000.00 VNĐ
2025-08-21 11:49:12,929 - INFO - Item 254: 15,000.00 VNĐ
2025-08-21 11:49:12,929 - INFO - Item 254: 15,000.00 VNĐ
2025-08-21 11:49:12,929 - INFO - Item 255: 15,000.00 VNĐ
2025-08-21 11:49:12,929 - INFO - Item 256: 15,000.00 VNĐ
2025-08-21 11:49:12,929 - INFO - Item 257: 15,000.00 VNĐ
2025-08-21 11:49:12,929 - INFO - Item 257: 15,000.00 VNĐ
2025-08-21 11:49:12,930 - INFO - Item 257: 15,000.00 VNĐ
2025-08-21 11:49:12,930 - INFO - Item 258: 15,000.00 VNĐ
2025-08-21 11:49:12,930 - INFO - Item 259: 15,000.00 VNĐ
2025-08-21 11:49:12,930 - INFO - Item 259: 15,000.00 VNĐ
2025-08-21 11:49:12,930 - INFO - Item 260: 15,000.00 VNĐ
2025-08-21 11:49:12,930 - INFO - Item 260: 27,000.00 VNĐ
2025-08-21 11:49:12,930 - INFO - Item 260: 15,000.00 VNĐ
2025-08-21 11:49:12,930 - INFO - Item 261: 15,000.00 VNĐ
2025-08-21 11:49:12,930 - INFO - Item 261: 15,000.00 VNĐ
2025-08-21 11:49:12,930 - INFO - Item 261: 15,000.00 VNĐ
2025-08-21 11:49:12,930 - INFO - Item 262: 10,800.00 VNĐ
2025-08-21 11:49:12,930 - INFO - Item 262: 6,000.00 VNĐ
2025-08-21 11:49:12,931 - INFO - Item 262: 6,000.00 VNĐ
2025-08-21 11:49:12,931 - INFO - Item 263: 60,000.00 VNĐ
2025-08-21 11:49:12,931 - INFO - Item 264: 15,000.00 VNĐ
2025-08-21 11:49:12,931 - INFO - Item 264: 27,000.00 VNĐ
2025-08-21 11:49:12,931 - INFO - Item 264: 15,000.00 VNĐ
2025-08-21 11:49:12,931 - INFO - Item 265: 27,000.00 VNĐ
2025-08-21 11:49:12,931 - INFO - Item 265: 15,000.00 VNĐ
2025-08-21 11:49:12,931 - INFO - Item 265: 15,000.00 VNĐ
2025-08-21 11:49:12,931 - INFO - Item 266: 6,000.00 VNĐ
2025-08-21 11:49:12,931 - INFO - Item 266: 6,000.00 VNĐ
2025-08-21 11:49:12,932 - INFO - Item 266: 6,000.00 VNĐ
2025-08-21 11:49:12,932 - INFO - Item 267: 15,000.00 VNĐ
2025-08-21 11:49:12,932 - INFO - Item 268: 27,000.00 VNĐ
2025-08-21 11:49:12,932 - INFO - Item 268: 15,000.00 VNĐ
2025-08-21 11:49:12,933 - INFO - Item 268: 15,000.00 VNĐ
2025-08-21 11:49:12,933 - INFO - Item 269: 6,000.00 VNĐ
2025-08-21 11:49:12,933 - INFO - Item 269: 10,800.00 VNĐ
2025-08-21 11:49:12,933 - INFO - Item 269: 6,000.00 VNĐ
2025-08-21 11:49:12,933 - INFO - Item 270: 54,000.00 VNĐ
2025-08-21 11:49:12,933 - INFO - Item 270: 30,000.00 VNĐ
2025-08-21 11:49:12,933 - INFO - Item 270: 30,000.00 VNĐ
2025-08-21 11:49:12,933 - INFO - Item 271: 15,000.00 VNĐ
2025-08-21 11:49:12,933 - INFO - Item 272: 6,000.00 VNĐ
2025-08-21 11:49:12,934 - INFO - Item 272: 6,000.00 VNĐ
2025-08-21 11:49:12,934 - INFO - Item 272: 6,000.00 VNĐ
2025-08-21 11:49:12,934 - INFO - Item 273: 15,000.00 VNĐ
2025-08-21 11:49:12,934 - INFO - Item 273: 15,000.00 VNĐ
2025-08-21 11:49:12,934 - INFO - Item 273: 15,000.00 VNĐ
2025-08-21 11:49:12,934 - INFO - Item 274: 27,000.00 VNĐ
2025-08-21 11:49:12,934 - INFO - Item 274: 27,000.00 VNĐ
2025-08-21 11:49:12,934 - INFO - Item 274: 15,000.00 VNĐ
2025-08-21 11:49:12,934 - INFO - Item 275: 15,000.00 VNĐ
2025-08-21 11:49:12,935 - INFO - Item 275: 19,500.00 VNĐ
2025-08-21 11:49:12,935 - INFO - Item 275: 27,000.00 VNĐ
2025-08-21 11:49:12,935 - INFO - Item 276: 108,000.00 VNĐ
2025-08-21 11:49:12,935 - INFO - Item 276: 108,000.00 VNĐ
2025-08-21 11:49:12,935 - INFO - Item 276: 60,000.00 VNĐ
2025-08-21 11:49:12,935 - INFO - Item 277: 45,000.00 VNĐ
2025-08-21 11:49:12,935 - INFO - Item 277: 45,000.00 VNĐ
2025-08-21 11:49:12,935 - INFO - Item 277: 45,000.00 VNĐ
2025-08-21 11:49:12,935 - INFO - Item 278: 6,000.00 VNĐ
2025-08-21 11:49:12,935 - INFO - Item 279: 6,000.00 VNĐ
2025-08-21 11:49:12,935 - INFO - Item 280: 12,000.00 VNĐ
2025-08-21 11:49:12,935 - INFO - Item 280: 12,000.00 VNĐ
2025-08-21 11:49:12,936 - INFO - Item 280: 12,000.00 VNĐ
2025-08-21 11:49:12,936 - INFO - Item 281: 12,000.00 VNĐ
2025-08-21 11:49:12,936 - INFO - Item 281: 12,000.00 VNĐ
2025-08-21 11:49:12,936 - INFO - Item 281: 21,600.00 VNĐ
2025-08-21 11:49:12,936 - INFO - Item 282: 6,000.00 VNĐ
2025-08-21 11:49:12,936 - INFO - Item 283: 6,000.00 VNĐ
2025-08-21 11:49:12,936 - INFO - Item 284: 6,000.00 VNĐ
2025-08-21 11:49:12,936 - INFO - Item 284: 6,000.00 VNĐ
2025-08-21 11:49:12,936 - INFO - Item 284: 6,000.00 VNĐ
2025-08-21 11:49:12,936 - INFO - Item 285: 10,800.00 VNĐ
2025-08-21 11:49:12,936 - INFO - Item 285: 10,800.00 VNĐ
2025-08-21 11:49:12,936 - INFO - Item 285: 6,000.00 VNĐ
2025-08-21 11:49:12,936 - INFO - Item 286: 6,000.00 VNĐ
2025-08-21 11:49:12,936 - INFO - Item 286: 6,000.00 VNĐ
2025-08-21 11:49:12,937 - INFO - Item 286: 6,000.00 VNĐ
2025-08-21 11:49:12,937 - INFO - Item 287: 6,000.00 VNĐ
2025-08-21 11:49:12,937 - INFO - Item 288: 10,800.00 VNĐ
2025-08-21 11:49:12,937 - INFO - Item 288: 7,800.00 VNĐ
2025-08-21 11:49:12,937 - INFO - Item 288: 6,000.00 VNĐ
2025-08-21 11:49:12,937 - INFO - Item 289: 6,000.00 VNĐ
2025-08-21 11:49:12,937 - INFO - Item 289: 10,800.00 VNĐ
2025-08-21 11:49:12,937 - INFO - Item 289: 6,000.00 VNĐ
2025-08-21 11:49:12,937 - INFO - Item 290: 12,000.00 VNĐ
2025-08-21 11:49:12,937 - INFO - Item 291: 10,800.00 VNĐ
2025-08-21 11:49:12,937 - INFO - Item 291: 6,000.00 VNĐ
2025-08-21 11:49:12,937 - INFO - Item 291: 6,000.00 VNĐ
2025-08-21 11:49:12,937 - INFO - Item 292: 3,000.00 VNĐ
2025-08-21 11:49:12,937 - INFO - Item 293: 5,400.00 VNĐ
2025-08-21 11:49:12,938 - INFO - Item 293: 5,400.00 VNĐ
2025-08-21 11:49:12,938 - INFO - Item 293: 3,000.00 VNĐ
2025-08-21 11:49:12,938 - INFO - Item 294: 3,000.00 VNĐ
2025-08-21 11:49:12,938 - INFO - Item 294: 3,000.00 VNĐ
2025-08-21 11:49:12,938 - INFO - Item 294: 5,400.00 VNĐ
2025-08-21 11:49:12,938 - INFO - Item 295: 3,000.00 VNĐ
2025-08-21 11:49:12,938 - INFO - Item 295: 3,000.00 VNĐ
2025-08-21 11:49:12,938 - INFO - Item 295: 5,400.00 VNĐ
2025-08-21 11:49:12,938 - INFO - Item 296: 3,000.00 VNĐ
2025-08-21 11:49:14,656 - INFO - Item 297: 7,500.00 VNĐ
2025-08-21 11:49:14,656 - INFO - Item 297: 7,500.00 VNĐ
2025-08-21 11:49:14,656 - INFO - Item 297: 7,500.00 VNĐ
2025-08-21 11:49:14,657 - INFO - Item 298: 6,000.00 VNĐ
2025-08-21 11:49:14,657 - INFO - Item 298: 10,800.00 VNĐ
2025-08-21 11:49:14,657 - INFO - Item 299: 9,000.00 VNĐ
2025-08-21 11:49:14,657 - INFO - Item 300: 15,000.00 VNĐ
2025-08-21 11:49:14,657 - INFO - Item 301: 60,000.00 VNĐ
2025-08-21 11:49:14,657 - INFO - Item 301: 108,000.00 VNĐ
2025-08-21 11:49:14,657 - INFO - Item 301: 60,000.00 VNĐ
2025-08-21 11:49:14,657 - INFO - Item 302: 12,000.00 VNĐ
2025-08-21 11:49:14,657 - INFO - Item 303: 6,000.00 VNĐ
2025-08-21 11:49:14,657 - INFO - Item 304: 7,500.00 VNĐ
2025-08-21 11:49:14,657 - INFO - Item 305: 60,000.00 VNĐ
2025-08-21 11:49:14,657 - INFO - Item 306: 15,000.00 VNĐ
2025-08-21 11:49:14,657 - INFO - Item 306: 27,000.00 VNĐ
2025-08-21 11:49:14,657 - INFO - Item 306: 27,000.00 VNĐ
2025-08-21 11:49:14,657 - INFO - Item 307: 15,000.00 VNĐ
2025-08-21 11:49:14,657 - INFO - Item 307: 15,000.00 VNĐ
2025-08-21 11:49:14,657 - INFO - Item 308: 10,800.00 VNĐ
2025-08-21 11:49:14,657 - INFO - Item 308: 6,000.00 VNĐ
2025-08-21 11:49:14,657 - INFO - Item 308: 6,000.00 VNĐ
2025-08-21 11:49:14,658 - INFO - Item 309: 15,000.00 VNĐ
2025-08-21 11:49:14,658 - INFO - Item 309: 15,000.00 VNĐ
2025-08-21 11:49:14,658 - INFO - Item 309: 15,000.00 VNĐ
2025-08-21 11:49:14,658 - INFO - Item 310: 15,000.00 VNĐ
2025-08-21 11:49:14,658 - INFO - Item 310: 27,000.00 VNĐ
2025-08-21 11:49:14,658 - INFO - Item 311: 15,000.00 VNĐ
2025-08-21 11:49:14,658 - INFO - Item 311: 15,000.00 VNĐ
2025-08-21 11:49:14,658 - INFO - Item 311: 15,000.00 VNĐ
2025-08-21 11:49:14,658 - INFO - Item 312: 15,000.00 VNĐ
2025-08-21 11:49:14,658 - INFO - Item 312: 15,000.00 VNĐ
2025-08-21 11:49:14,658 - INFO - Item 312: 15,000.00 VNĐ
2025-08-21 11:49:14,658 - INFO - Item 313: 7,500.00 VNĐ
2025-08-21 11:49:14,658 - INFO - Item 314: 15,000.00 VNĐ
2025-08-21 11:49:14,658 - INFO - Item 314: 15,000.00 VNĐ
2025-08-21 11:49:14,658 - INFO - Item 314: 15,000.00 VNĐ
2025-08-21 11:49:14,658 - INFO - Item 315: 15,000.00 VNĐ
2025-08-21 11:49:14,658 - INFO - Item 315: 15,000.00 VNĐ
2025-08-21 11:49:14,658 - INFO - Item 315: 19,500.00 VNĐ
2025-08-21 11:49:14,658 - INFO - Item 316: 15,000.00 VNĐ
2025-08-21 11:49:14,658 - INFO - Item 317: 15,000.00 VNĐ
2025-08-21 11:49:14,659 - INFO - Item 317: 15,000.00 VNĐ
2025-08-21 11:49:14,659 - INFO - Item 317: 15,000.00 VNĐ
2025-08-21 11:49:14,659 - INFO - Item 318: 15,000.00 VNĐ
2025-08-21 11:49:14,659 - INFO - Item 319: 15,000.00 VNĐ
2025-08-21 11:49:14,659 - INFO - Item 319: 15,000.00 VNĐ
2025-08-21 11:49:14,659 - INFO - Item 319: 15,000.00 VNĐ
2025-08-21 11:49:14,659 - INFO - Item 320: 15,000.00 VNĐ
2025-08-21 11:49:14,659 - INFO - Item 320: 15,000.00 VNĐ
2025-08-21 11:49:14,659 - INFO - Item 320: 15,000.00 VNĐ
2025-08-21 11:49:14,659 - INFO - Item 321: 15,000.00 VNĐ
2025-08-21 11:49:14,659 - INFO - Item 322: 15,000.00 VNĐ
2025-08-21 11:49:14,659 - INFO - Item 322: 27,000.00 VNĐ
2025-08-21 11:49:14,659 - INFO - Item 322: 15,000.00 VNĐ
2025-08-21 11:49:14,659 - INFO - Item 323: 60,000.00 VNĐ
2025-08-21 11:49:14,659 - INFO - Item 323: 60,000.00 VNĐ
2025-08-21 11:49:14,659 - INFO - Item 323: 60,000.00 VNĐ
2025-08-21 11:49:14,659 - INFO - Item 324: 60,000.00 VNĐ
2025-08-21 11:49:14,659 - INFO - Item 325: 60,000.00 VNĐ
2025-08-21 11:49:14,659 - INFO - Item 326: 108,000.00 VNĐ
2025-08-21 11:49:14,659 - INFO - Item 326: 60,000.00 VNĐ
2025-08-21 11:49:14,660 - INFO - Item 326: 60,000.00 VNĐ
2025-08-21 11:49:14,660 - INFO - Item 327: 60,000.00 VNĐ
2025-08-21 11:49:14,660 - INFO - Item 327: 60,000.00 VNĐ
2025-08-21 11:49:14,660 - INFO - Item 327: 108,000.00 VNĐ
2025-08-21 11:49:14,660 - INFO - Item 328: 6,000.00 VNĐ
2025-08-21 11:49:14,660 - INFO - Item 329: 6,000.00 VNĐ
2025-08-21 11:49:14,660 - INFO - Item 330: 6,000.00 VNĐ
2025-08-21 11:49:14,660 - INFO - Item 331: 21,600.00 VNĐ
2025-08-21 11:49:14,660 - INFO - Item 331: 21,600.00 VNĐ
2025-08-21 11:49:14,660 - INFO - Item 331: 12,000.00 VNĐ
2025-08-21 11:49:14,660 - INFO - Item 332: 6,000.00 VNĐ
2025-08-21 11:49:14,660 - INFO - Item 333: 6,000.00 VNĐ
2025-08-21 11:49:14,660 - INFO - Item 333: 6,000.00 VNĐ
2025-08-21 11:49:14,660 - INFO - Item 333: 6,000.00 VNĐ
2025-08-21 11:49:14,660 - INFO - Item 334: 12,000.00 VNĐ
2025-08-21 11:49:14,660 - INFO - Item 334: 12,000.00 VNĐ
2025-08-21 11:49:14,660 - INFO - Item 334: 12,000.00 VNĐ
2025-08-21 11:49:14,660 - INFO - Item 335: 21,600.00 VNĐ
2025-08-21 11:49:14,660 - INFO - Item 335: 12,000.00 VNĐ
2025-08-21 11:49:14,660 - INFO - Item 335: 12,000.00 VNĐ
2025-08-21 11:49:14,660 - INFO - Item 336: 12,000.00 VNĐ
2025-08-21 11:49:14,661 - INFO - Item 337: 6,000.00 VNĐ
2025-08-21 11:49:14,661 - INFO - Item 338: 6,000.00 VNĐ
2025-08-21 11:49:14,661 - INFO - Item 338: 6,000.00 VNĐ
2025-08-21 11:49:14,661 - INFO - Item 338: 10,800.00 VNĐ
2025-08-21 11:49:14,661 - INFO - Item 339: 6,000.00 VNĐ
2025-08-21 11:49:14,661 - INFO - Item 340: 6,000.00 VNĐ
2025-08-21 11:49:14,661 - INFO - Item 341: 6,000.00 VNĐ
2025-08-21 11:49:14,661 - INFO - Item 341: 10,800.00 VNĐ
2025-08-21 11:49:14,661 - INFO - Item 341: 6,000.00 VNĐ
2025-08-21 11:49:14,661 - INFO - Item 342: 12,000.00 VNĐ
2025-08-21 11:49:14,661 - INFO - Item 343: 12,000.00 VNĐ
2025-08-21 11:49:14,661 - INFO - Item 344: 12,000.00 VNĐ
2025-08-21 11:49:14,661 - INFO - Item 345: 6,000.00 VNĐ
2025-08-21 11:49:14,661 - INFO - Item 345: 6,000.00 VNĐ
2025-08-21 11:49:14,661 - INFO - Item 345: 10,800.00 VNĐ
2025-08-21 11:49:14,661 - INFO - Item 346: 12,000.00 VNĐ
2025-08-21 11:49:14,661 - INFO - Item 347: 6,000.00 VNĐ
2025-08-21 11:49:18,086 - INFO - Item 348: 6,000.00 VNĐ
2025-08-21 11:49:18,086 - INFO - Item 348: 10,800.00 VNĐ
2025-08-21 11:49:18,086 - INFO - Item 348: 6,000.00 VNĐ
2025-08-21 11:49:18,086 - INFO - Item 349: 12,000.00 VNĐ
2025-08-21 11:49:18,086 - INFO - Item 349: 21,600.00 VNĐ
2025-08-21 11:49:18,087 - INFO - Item 349: 12,000.00 VNĐ
2025-08-21 11:49:18,087 - INFO - Item 350: 6,000.00 VNĐ
2025-08-21 11:49:18,087 - INFO - Item 351: 6,000.00 VNĐ
2025-08-21 11:49:18,087 - INFO - Item 351: 10,800.00 VNĐ
2025-08-21 11:49:18,087 - INFO - Item 352: 10,800.00 VNĐ
2025-08-21 11:49:18,087 - INFO - Item 352: 6,000.00 VNĐ
2025-08-21 11:49:18,087 - INFO - Item 353: 12,000.00 VNĐ
2025-08-21 11:49:18,087 - INFO - Item 354: 12,000.00 VNĐ
2025-08-21 11:49:18,087 - INFO - Item 355: 12,000.00 VNĐ
2025-08-21 11:49:18,087 - INFO - Item 355: 12,000.00 VNĐ
2025-08-21 11:49:18,087 - INFO - Item 355: 21,600.00 VNĐ
2025-08-21 11:49:18,088 - INFO - Item 356: 21,600.00 VNĐ
2025-08-21 11:49:18,088 - INFO - Item 356: 12,000.00 VNĐ
2025-08-21 11:49:18,088 - INFO - Item 357: 6,000.00 VNĐ
2025-08-21 11:49:18,088 - INFO - Item 357: 6,000.00 VNĐ
2025-08-21 11:49:18,088 - INFO - Item 358: 6,000.00 VNĐ
2025-08-21 11:49:18,088 - INFO - Item 359: 6,000.00 VNĐ
2025-08-21 11:49:18,088 - INFO - Item 360: 12,000.00 VNĐ
2025-08-21 11:49:18,088 - INFO - Item 361: 12,000.00 VNĐ
2025-08-21 11:49:18,088 - INFO - Item 362: 6,000.00 VNĐ
2025-08-21 11:49:18,088 - INFO - Item 363: 7,500.00 VNĐ
2025-08-21 11:49:18,088 - INFO - Item 364: 3,000.00 VNĐ
2025-08-21 11:49:18,088 - INFO - Item 364: 3,000.00 VNĐ
2025-08-21 11:49:18,088 - INFO - Item 364: 5,400.00 VNĐ
2025-08-21 11:49:18,088 - INFO - Item 365: 3,000.00 VNĐ
2025-08-21 11:49:18,089 - INFO - Item 365: 3,000.00 VNĐ
2025-08-21 11:49:18,089 - INFO - Item 365: 3,900.00 VNĐ
2025-08-21 11:49:18,089 - INFO - Item 366: 7,500.00 VNĐ
2025-08-21 11:49:18,089 - INFO - Item 366: 7,500.00 VNĐ
2025-08-21 11:49:18,089 - INFO - Item 366: 7,500.00 VNĐ
2025-08-21 11:49:18,089 - INFO - Item 367: 5,400.00 VNĐ
2025-08-21 11:49:18,089 - INFO - Item 367: 3,000.00 VNĐ
2025-08-21 11:49:18,089 - INFO - Item 367: 3,000.00 VNĐ
2025-08-21 11:49:18,089 - INFO - Item 368: 5,400.00 VNĐ
2025-08-21 11:49:18,089 - INFO - Item 368: 3,000.00 VNĐ
2025-08-21 11:49:18,089 - INFO - Item 368: 5,400.00 VNĐ
2025-08-21 11:49:18,090 - INFO - Item 369: 2,400.00 VNĐ
2025-08-21 11:49:18,090 - INFO - Item 370: 3,000.00 VNĐ
2025-08-21 11:49:18,090 - INFO - Item 370: 3,000.00 VNĐ
2025-08-21 11:49:18,090 - INFO - Item 370: 3,000.00 VNĐ
2025-08-21 11:49:18,090 - INFO - Item 371: 3,000.00 VNĐ
2025-08-21 11:49:18,090 - INFO - Item 371: 3,000.00 VNĐ
2025-08-21 11:49:18,090 - INFO - Item 371: 3,000.00 VNĐ
2025-08-21 11:49:18,090 - INFO - Item 372: 3,000.00 VNĐ
2025-08-21 11:49:18,090 - INFO - Item 372: 3,000.00 VNĐ
2025-08-21 11:49:18,090 - INFO - Item 373: 3,000.00 VNĐ
2025-08-21 11:49:18,090 - INFO - Item 373: 3,000.00 VNĐ
2025-08-21 11:49:18,090 - INFO - Item 373: 3,000.00 VNĐ
2025-08-21 11:49:18,090 - INFO - Item 374: 2,400.00 VNĐ
2025-08-21 11:49:18,091 - INFO - Item 375: 5,400.00 VNĐ
2025-08-21 11:49:18,091 - INFO - Item 375: 3,000.00 VNĐ
2025-08-21 11:49:18,091 - INFO - Item 375: 3,000.00 VNĐ
2025-08-21 11:49:18,091 - INFO - Item 376: 3,900.00 VNĐ
2025-08-21 11:49:18,091 - INFO - Item 376: 3,000.00 VNĐ
2025-08-21 11:49:18,091 - INFO - Item 377: 3,000.00 VNĐ
2025-08-21 11:49:18,091 - INFO - Item 378: 3,000.00 VNĐ
2025-08-21 11:49:18,091 - INFO - Item 379: 3,000.00 VNĐ
2025-08-21 11:49:18,091 - INFO - Item 379: 3,000.00 VNĐ
2025-08-21 11:49:18,091 - INFO - Item 379: 5,400.00 VNĐ
2025-08-21 11:49:18,091 - INFO - Item 380: 3,000.00 VNĐ
2025-08-21 11:49:18,091 - INFO - Item 381: 3,000.00 VNĐ
2025-08-21 11:49:18,092 - INFO - Item 382: 3,000.00 VNĐ
2025-08-21 11:49:18,092 - INFO - Item 382: 3,000.00 VNĐ
2025-08-21 11:49:18,092 - INFO - Item 382: 3,000.00 VNĐ
2025-08-21 11:49:18,092 - INFO - Item 383: 3,000.00 VNĐ
2025-08-21 11:49:18,092 - INFO - Item 384: 2,400.00 VNĐ
2025-08-21 11:49:18,092 - INFO - Item 384: 5,400.00 VNĐ
2025-08-21 11:49:18,092 - INFO - Item 384: 3,000.00 VNĐ
2025-08-21 11:49:18,092 - INFO - Item 385: 3,000.00 VNĐ
2025-08-21 11:49:18,092 - INFO - Item 385: 3,000.00 VNĐ
2025-08-21 11:49:18,092 - INFO - Item 386: 3,000.00 VNĐ
2025-08-21 11:49:18,092 - INFO - Item 386: 3,000.00 VNĐ
2025-08-21 11:49:18,093 - INFO - Item 386: 3,000.00 VNĐ
2025-08-21 11:49:18,093 - INFO - Item 387: 3,000.00 VNĐ
2025-08-21 11:49:18,093 - INFO - Item 387: 5,400.00 VNĐ
2025-08-21 11:49:18,093 - INFO - Item 387: 3,000.00 VNĐ
2025-08-21 11:49:18,093 - INFO - Item 388: 3,900.00 VNĐ
2025-08-21 11:49:18,093 - INFO - Item 389: 3,900.00 VNĐ
2025-08-21 11:49:18,093 - INFO - Item 389: 3,000.00 VNĐ
2025-08-21 11:49:18,093 - INFO - Item 389: 3,000.00 VNĐ
2025-08-21 11:49:18,093 - INFO - Item 390: 3,900.00 VNĐ
2025-08-21 11:49:18,093 - INFO - Item 391: 3,900.00 VNĐ
2025-08-21 11:49:18,093 - INFO - Item 392: 3,000.00 VNĐ
2025-08-21 11:49:18,093 - INFO - Item 393: 3,000.00 VNĐ
2025-08-21 11:49:18,093 - INFO - Item 394: 5,400.00 VNĐ
2025-08-21 11:49:18,094 - INFO - Item 394: 3,000.00 VNĐ
2025-08-21 11:49:18,094 - INFO - Item 394: 3,000.00 VNĐ
2025-08-21 11:49:18,094 - INFO - Item 395: 3,000.00 VNĐ
2025-08-21 11:49:18,094 - INFO - Item 396: 3,000.00 VNĐ
2025-08-21 11:49:18,094 - INFO - Item 397: 3,000.00 VNĐ
2025-08-21 11:49:18,094 - INFO - Item 398: 3,000.00 VNĐ
2025-08-21 11:49:18,094 - INFO - Item 399: 3,000.00 VNĐ
2025-08-21 11:49:18,094 - INFO - Item 400: 3,000.00 VNĐ
2025-08-21 11:49:18,094 - INFO - Item 400: 3,000.00 VNĐ
2025-08-21 11:49:18,094 - INFO - Item 400: 3,000.00 VNĐ
2025-08-21 11:49:19,858 - INFO - Item 401: 2,400.00 VNĐ
2025-08-21 11:49:19,858 - INFO - Item 402: 3,000.00 VNĐ
2025-08-21 11:49:19,859 - INFO - Item 402: 5,400.00 VNĐ
2025-08-21 11:49:19,859 - INFO - Item 402: 5,400.00 VNĐ
2025-08-21 11:49:19,859 - INFO - Item 403: 2,400.00 VNĐ
2025-08-21 11:49:19,859 - INFO - Item 404: 3,900.00 VNĐ
2025-08-21 11:49:19,859 - INFO - Item 404: 3,000.00 VNĐ
2025-08-21 11:49:19,859 - INFO - Item 405: 2,400.00 VNĐ
2025-08-21 11:49:19,859 - INFO - Item 405: 3,000.00 VNĐ
2025-08-21 11:49:19,859 - INFO - Item 406: 2,400.00 VNĐ
2025-08-21 11:49:19,859 - INFO - Item 406: 3,000.00 VNĐ
2025-08-21 11:49:19,859 - INFO - Item 406: 3,000.00 VNĐ
2025-08-21 11:49:19,859 - INFO - Item 407: 3,000.00 VNĐ
2025-08-21 11:49:19,859 - INFO - Item 407: 3,000.00 VNĐ
2025-08-21 11:49:19,860 - INFO - Item 407: 5,400.00 VNĐ
2025-08-21 11:49:19,860 - INFO - Item 408: 3,000.00 VNĐ
2025-08-21 11:49:19,860 - INFO - Item 409: 3,000.00 VNĐ
2025-08-21 11:49:19,860 - INFO - Item 410: 3,000.00 VNĐ
2025-08-21 11:49:19,860 - INFO - Item 410: 5,400.00 VNĐ
2025-08-21 11:49:19,860 - INFO - Item 410: 5,400.00 VNĐ
2025-08-21 11:49:19,860 - INFO - Item 411: 2,400.00 VNĐ
2025-08-21 11:49:19,860 - INFO - Item 412: 3,000.00 VNĐ
2025-08-21 11:49:19,860 - INFO - Item 412: 2,400.00 VNĐ
2025-08-21 11:49:19,860 - INFO - Item 412: 3,000.00 VNĐ
2025-08-21 11:49:19,860 - INFO - Item 413: 3,000.00 VNĐ
2025-08-21 11:49:19,860 - INFO - Item 413: 3,000.00 VNĐ
2025-08-21 11:49:19,860 - INFO - Item 414: 3,000.00 VNĐ
2025-08-21 11:49:19,861 - INFO - Item 415: 3,000.00 VNĐ
2025-08-21 11:49:19,861 - INFO - Item 415: 3,000.00 VNĐ
2025-08-21 11:49:19,861 - INFO - Item 415: 5,400.00 VNĐ
2025-08-21 11:49:19,861 - INFO - Item 416: 3,000.00 VNĐ
2025-08-21 11:49:19,861 - INFO - Item 416: 3,000.00 VNĐ
2025-08-21 11:49:19,861 - INFO - Item 416: 2,400.00 VNĐ
2025-08-21 11:49:19,861 - INFO - Item 417: 3,000.00 VNĐ
2025-08-21 11:49:19,861 - INFO - Item 418: 5,400.00 VNĐ
2025-08-21 11:49:19,861 - INFO - Item 418: 3,000.00 VNĐ
2025-08-21 11:49:19,861 - INFO - Item 418: 3,000.00 VNĐ
2025-08-21 11:49:19,861 - INFO - Item 419: 3,000.00 VNĐ
2025-08-21 11:49:19,861 - INFO - Item 419: 5,400.00 VNĐ
2025-08-21 11:49:19,861 - INFO - Item 419: 2,400.00 VNĐ
2025-08-21 11:49:19,861 - INFO - Item 420: 2,400.00 VNĐ
2025-08-21 11:49:19,862 - INFO - Item 421: 3,900.00 VNĐ
2025-08-21 11:49:19,862 - INFO - Item 421: 5,400.00 VNĐ
2025-08-21 11:49:19,862 - INFO - Item 422: 3,900.00 VNĐ
2025-08-21 11:49:19,862 - INFO - Item 422: 5,400.00 VNĐ
2025-08-21 11:49:19,862 - INFO - Item 422: 3,000.00 VNĐ
2025-08-21 11:49:19,862 - INFO - Item 423: 2,400.00 VNĐ
2025-08-21 11:49:19,862 - INFO - Item 424: 3,000.00 VNĐ
2025-08-21 11:49:19,862 - INFO - Item 424: 3,000.00 VNĐ
2025-08-21 11:49:19,862 - INFO - Item 424: 2,400.00 VNĐ
2025-08-21 11:49:19,862 - INFO - Item 425: 3,000.00 VNĐ
2025-08-21 11:49:19,862 - INFO - Item 425: 2,400.00 VNĐ
2025-08-21 11:49:19,862 - INFO - Item 425: 5,400.00 VNĐ
2025-08-21 11:49:19,862 - INFO - Item 426: 3,000.00 VNĐ
2025-08-21 11:49:19,862 - INFO - Item 426: 3,900.00 VNĐ
2025-08-21 11:49:19,863 - INFO - Item 426: 3,000.00 VNĐ
2025-08-21 11:49:19,863 - INFO - Item 427: 3,900.00 VNĐ
2025-08-21 11:49:19,863 - INFO - Item 427: 3,000.00 VNĐ
2025-08-21 11:49:19,863 - INFO - Item 427: 3,000.00 VNĐ
2025-08-21 11:49:19,863 - INFO - Item 428: 5,400.00 VNĐ
2025-08-21 11:49:19,863 - INFO - Item 428: 3,900.00 VNĐ
2025-08-21 11:49:19,863 - INFO - Item 429: 3,000.00 VNĐ
2025-08-21 11:49:19,863 - INFO - Item 430: 3,000.00 VNĐ
2025-08-21 11:49:19,863 - INFO - Item 431: 3,000.00 VNĐ
2025-08-21 11:49:19,863 - INFO - Item 431: 3,000.00 VNĐ
2025-08-21 11:49:19,863 - INFO - Item 431: 3,000.00 VNĐ
2025-08-21 11:49:19,863 - INFO - Item 432: 3,000.00 VNĐ
2025-08-21 11:49:19,863 - INFO - Item 432: 3,000.00 VNĐ
2025-08-21 11:49:19,863 - INFO - Item 432: 5,400.00 VNĐ
2025-08-21 11:49:19,864 - INFO - Item 433: 3,000.00 VNĐ
2025-08-21 11:49:19,864 - INFO - Item 434: 3,000.00 VNĐ
2025-08-21 11:49:19,864 - INFO - Item 434: 3,000.00 VNĐ
2025-08-21 11:49:19,864 - INFO - Item 434: 5,400.00 VNĐ
2025-08-21 11:49:19,864 - INFO - Item 435: 3,000.00 VNĐ
2025-08-21 11:49:19,864 - INFO - Item 435: 3,000.00 VNĐ
2025-08-21 11:49:19,864 - INFO - Item 436: 3,000.00 VNĐ
2025-08-21 11:49:19,864 - INFO - Item 437: 3,000.00 VNĐ
2025-08-21 11:49:19,864 - INFO - Item 437: 3,000.00 VNĐ
2025-08-21 11:49:19,864 - INFO - Item 438: 3,000.00 VNĐ
2025-08-21 11:49:19,864 - INFO - Item 438: 5,400.00 VNĐ
2025-08-21 11:49:19,865 - INFO - Item 438: 5,400.00 VNĐ
2025-08-21 11:49:19,865 - INFO - Item 439: 3,000.00 VNĐ
2025-08-21 11:49:19,865 - INFO - Item 440: 3,000.00 VNĐ
2025-08-21 11:49:19,865 - INFO - Item 440: 5,400.00 VNĐ
2025-08-21 11:49:19,865 - INFO - Item 440: 5,400.00 VNĐ
2025-08-21 11:49:19,865 - INFO - Item 441: 3,000.00 VNĐ
2025-08-21 11:49:19,865 - INFO - Item 442: 3,000.00 VNĐ
2025-08-21 11:49:19,865 - INFO - Item 442: 3,000.00 VNĐ
2025-08-21 11:49:19,866 - INFO - Item 442: 3,000.00 VNĐ
2025-08-21 11:49:19,866 - INFO - Item 443: 3,000.00 VNĐ
2025-08-21 11:49:19,866 - INFO - Item 443: 3,000.00 VNĐ
2025-08-21 11:49:19,866 - INFO - Item 444: 3,000.00 VNĐ
2025-08-21 11:49:19,866 - INFO - Item 445: 3,000.00 VNĐ
2025-08-21 11:49:19,866 - INFO - Item 445: 5,400.00 VNĐ
2025-08-21 11:49:19,866 - INFO - Item 446: 2,400.00 VNĐ
2025-08-21 11:49:19,866 - INFO - Item 447: 2,400.00 VNĐ
2025-08-21 11:49:19,867 - INFO - Item 448: 5,400.00 VNĐ
2025-08-21 11:49:19,867 - INFO - Item 448: 3,900.00 VNĐ
2025-08-21 11:49:19,867 - INFO - Item 448: 3,000.00 VNĐ
2025-08-21 11:49:19,867 - INFO - Item 449: 2,400.00 VNĐ
2025-08-21 11:49:21,680 - INFO - Item 450: 2,400.00 VNĐ
2025-08-21 11:49:21,680 - INFO - Item 451: 2,400.00 VNĐ
2025-08-21 11:49:21,680 - INFO - Item 452: 3,000.00 VNĐ
2025-08-21 11:49:21,680 - INFO - Item 453: 3,000.00 VNĐ
2025-08-21 11:49:21,680 - INFO - Item 454: 3,000.00 VNĐ
2025-08-21 11:49:21,681 - INFO - Item 455: 3,000.00 VNĐ
2025-08-21 11:49:21,681 - INFO - Item 455: 3,000.00 VNĐ
2025-08-21 11:49:21,681 - INFO - Item 455: 5,400.00 VNĐ
2025-08-21 11:49:21,681 - INFO - Item 456: 3,000.00 VNĐ
2025-08-21 11:49:21,681 - INFO - Item 456: 3,000.00 VNĐ
2025-08-21 11:49:21,681 - INFO - Item 457: 3,000.00 VNĐ
2025-08-21 11:49:21,681 - INFO - Item 457: 3,000.00 VNĐ
2025-08-21 11:49:21,681 - INFO - Item 457: 3,000.00 VNĐ
2025-08-21 11:49:21,681 - INFO - Item 458: 3,000.00 VNĐ
2025-08-21 11:49:21,681 - INFO - Item 459: 3,000.00 VNĐ
2025-08-21 11:49:21,681 - INFO - Item 459: 3,000.00 VNĐ
2025-08-21 11:49:21,682 - INFO - Item 459: 3,000.00 VNĐ
2025-08-21 11:49:21,682 - INFO - Item 460: 3,000.00 VNĐ
2025-08-21 11:49:21,682 - INFO - Item 460: 5,400.00 VNĐ
2025-08-21 11:49:21,682 - INFO - Item 460: 3,000.00 VNĐ
2025-08-21 11:49:21,682 - INFO - Item 461: 3,000.00 VNĐ
2025-08-21 11:49:21,682 - INFO - Item 461: 5,400.00 VNĐ
2025-08-21 11:49:21,683 - INFO - Item 461: 5,400.00 VNĐ
2025-08-21 11:49:21,683 - INFO - Item 462: 3,000.00 VNĐ
2025-08-21 11:49:21,683 - INFO - Item 463: 4,800.00 VNĐ
2025-08-21 11:49:21,683 - INFO - Item 463: 6,000.00 VNĐ
2025-08-21 11:49:21,683 - INFO - Item 463: 6,000.00 VNĐ
2025-08-21 11:49:21,683 - INFO - Item 464: 4,800.00 VNĐ
2025-08-21 11:49:21,683 - INFO - Item 465: 15,000.00 VNĐ
2025-08-21 11:49:21,684 - INFO - Item 465: 12,000.00 VNĐ
2025-08-21 11:49:21,684 - INFO - Item 466: 12,000.00 VNĐ
2025-08-21 11:49:21,684 - INFO - Item 466: 9,600.00 VNĐ
2025-08-21 11:49:21,684 - INFO - Item 466: 21,600.00 VNĐ
2025-08-21 11:49:21,684 - INFO - Item 467: 12,000.00 VNĐ
2025-08-21 11:49:21,684 - INFO - Item 468: 48,000.00 VNĐ
2025-08-21 11:49:21,684 - INFO - Item 469: 48,000.00 VNĐ
2025-08-21 11:49:21,684 - INFO - Item 469: 108,000.00 VNĐ
2025-08-21 11:49:21,684 - INFO - Item 470: 48,000.00 VNĐ
2025-08-21 11:49:21,684 - INFO - Item 471: 48,000.00 VNĐ
2025-08-21 11:49:21,684 - INFO - Item 471: 60,000.00 VNĐ
2025-08-21 11:49:21,684 - INFO - Item 471: 60,000.00 VNĐ
2025-08-21 11:49:21,685 - INFO - Item 472: 48,000.00 VNĐ
2025-08-21 11:49:21,685 - INFO - Item 473: 4,800.00 VNĐ
2025-08-21 11:49:21,685 - INFO - Item 474: 9,600.00 VNĐ
2025-08-21 11:49:21,685 - INFO - Item 475: 3,000.00 VNĐ
2025-08-21 11:49:21,685 - INFO - Item 475: 2,400.00 VNĐ
2025-08-21 11:49:21,685 - INFO - Item 475: 3,000.00 VNĐ
2025-08-21 11:49:21,685 - INFO - Item 476: 2,400.00 VNĐ
2025-08-21 11:49:21,685 - INFO - Item 477: 108,000.00 VNĐ
2025-08-21 11:49:21,685 - INFO - Item 477: 108,000.00 VNĐ
2025-08-21 11:49:21,685 - INFO - Item 477: 48,000.00 VNĐ
2025-08-21 11:49:21,685 - INFO - Item 478: 7,200.00 VNĐ
2025-08-21 11:49:21,685 - INFO - Item 478: 9,000.00 VNĐ
2025-08-21 11:49:21,686 - INFO - Item 478: 16,200.00 VNĐ
2025-08-21 11:49:21,686 - INFO - Item 479: 27,000.00 VNĐ
2025-08-21 11:49:21,686 - INFO - Item 479: 12,000.00 VNĐ
2025-08-21 11:49:21,686 - INFO - Item 479: 27,000.00 VNĐ
2025-08-21 11:49:21,686 - INFO - Item 480: 12,000.00 VNĐ
2025-08-21 11:49:21,686 - INFO - Item 481: 48,000.00 VNĐ
2025-08-21 11:49:21,686 - INFO - Item 482: 4,800.00 VNĐ
2025-08-21 11:49:21,686 - INFO - Item 482: 10,800.00 VNĐ
2025-08-21 11:49:21,686 - INFO - Item 482: 10,800.00 VNĐ
2025-08-21 11:49:21,686 - INFO - Item 483: 6,000.00 VNĐ
2025-08-21 11:49:21,686 - INFO - Item 483: 4,800.00 VNĐ
2025-08-21 11:49:21,686 - INFO - Item 483: 10,800.00 VNĐ
2025-08-21 11:49:21,686 - INFO - Item 484: 27,000.00 VNĐ
2025-08-21 11:49:21,686 - INFO - Item 484: 27,000.00 VNĐ
2025-08-21 11:49:21,687 - INFO - Item 484: 12,000.00 VNĐ
2025-08-21 11:49:21,687 - INFO - Item 485: 13,500.00 VNĐ
2025-08-21 11:49:21,687 - INFO - Item 485: 7,500.00 VNĐ
2025-08-21 11:49:21,687 - INFO - Item 485: 6,000.00 VNĐ
2025-08-21 11:49:21,687 - INFO - Item 486: 15,000.00 VNĐ
2025-08-21 11:49:21,687 - INFO - Item 486: 15,000.00 VNĐ
2025-08-21 11:49:21,687 - INFO - Item 486: 12,000.00 VNĐ
2025-08-21 11:49:21,687 - INFO - Item 487: 6,000.00 VNĐ
2025-08-21 11:49:21,687 - INFO - Item 488: 12,000.00 VNĐ
2025-08-21 11:49:21,687 - INFO - Item 489: 108,000.00 VNĐ
2025-08-21 11:49:21,687 - INFO - Item 489: 48,000.00 VNĐ
2025-08-21 11:49:21,687 - INFO - Item 490: 48,000.00 VNĐ
2025-08-21 11:49:21,687 - INFO - Item 490: 60,000.00 VNĐ
2025-08-21 11:49:21,687 - INFO - Item 491: 48,000.00 VNĐ
2025-08-21 11:49:21,688 - INFO - Item 491: 60,000.00 VNĐ
2025-08-21 11:49:21,688 - INFO - Item 491: 60,000.00 VNĐ
2025-08-21 11:49:21,688 - INFO - Item 492: 4,800.00 VNĐ
2025-08-21 11:49:21,688 - INFO - Item 493: 9,600.00 VNĐ
2025-08-21 11:49:21,688 - INFO - Item 494: 10,800.00 VNĐ
2025-08-21 11:49:21,688 - INFO - Item 494: 4,800.00 VNĐ
2025-08-21 11:49:21,688 - INFO - Item 495: 4,800.00 VNĐ
2025-08-21 11:49:21,688 - INFO - Item 495: 10,800.00 VNĐ
2025-08-21 11:49:21,688 - INFO - Item 496: 6,000.00 VNĐ
2025-08-21 11:49:21,688 - INFO - Item 496: 10,800.00 VNĐ
2025-08-21 11:49:21,688 - INFO - Item 496: 4,800.00 VNĐ
2025-08-21 11:49:21,688 - INFO - Item 497: 12,000.00 VNĐ
2025-08-21 11:49:21,688 - INFO - Item 497: 9,600.00 VNĐ
2025-08-21 11:49:21,688 - INFO - Item 498: 4,800.00 VNĐ
2025-08-21 11:49:21,689 - INFO - Item 498: 10,800.00 VNĐ
2025-08-21 11:49:21,689 - INFO - Item 499: 9,600.00 VNĐ
2025-08-21 11:49:21,689 - INFO - Item 500: 2,400.00 VNĐ
2025-08-21 11:49:21,689 - INFO - Item 500: 3,000.00 VNĐ
2025-08-21 11:49:21,689 - INFO - Item 501: 12,000.00 VNĐ
2025-08-21 11:49:22,831 - INFO - 📊 Progress: 1,000 items, Last ID: 501
2025-08-21 11:49:22,857 - INFO - ✅ Chunk committed: 1,000 processed, 1,000 updated in 26.6s
2025-08-21 11:49:44,095 - INFO - 📊 Progress: 2,000 items, Last ID: 980
2025-08-21 11:49:44,115 - INFO - ✅ Chunk committed: 1,000 processed, 1,000 updated in 20.7s
2025-08-21 11:50:03,222 - INFO - 📊 Progress: 3,000 items, Last ID: 1461
2025-08-21 11:50:03,249 - INFO - ✅ Chunk committed: 1,000 processed, 1,000 updated in 18.6s
2025-08-21 11:50:21,458 - INFO - 📊 Progress: 4,000 items, Last ID: 1963
2025-08-21 11:50:21,478 - INFO - ✅ Chunk committed: 1,000 processed, 1,000 updated in 17.7s
2025-08-21 11:50:43,161 - INFO - 📊 Progress: 5,000 items, Last ID: 2442
2025-08-21 11:50:43,183 - INFO - ✅ Chunk committed: 1,000 processed, 1,000 updated in 21.2s
2025-08-21 11:51:08,713 - INFO - 📊 Progress: 6,000 items, Last ID: 2936
2025-08-21 11:51:08,743 - INFO - ✅ Chunk committed: 1,000 processed, 1,000 updated in 24.5s
2025-08-21 11:51:37,571 - INFO - 📊 Progress: 7,000 items, Last ID: 3420
2025-08-21 11:51:37,589 - INFO - ✅ Chunk committed: 1,000 processed, 1,000 updated in 28.3s
2025-08-21 11:51:58,966 - INFO - 📊 Progress: 8,000 items, Last ID: 3910
2025-08-21 11:51:58,980 - INFO - ✅ Chunk committed: 1,000 processed, 1,000 updated in 20.8s
2025-08-21 11:52:16,103 - INFO - 📊 Progress: 9,000 items, Last ID: 4398
2025-08-21 11:52:16,121 - INFO - ✅ Chunk committed: 1,000 processed, 1,000 updated in 16.6s
2025-08-21 11:52:35,604 - INFO - 📊 Progress: 10,000 items, Last ID: 4876
2025-08-21 11:52:35,621 - INFO - ✅ Chunk committed: 1,000 processed, 1,000 updated in 19.0s
2025-08-21 11:52:54,618 - INFO - 📊 Progress: 11,000 items, Last ID: 5353
2025-08-21 11:52:54,634 - INFO - ✅ Chunk committed: 1,000 processed, 1,000 updated in 18.5s
2025-08-21 11:53:18,049 - INFO - 📊 Progress: 12,000 items, Last ID: 5826
2025-08-21 11:53:18,068 - INFO - ✅ Chunk committed: 1,000 processed, 1,000 updated in 22.9s
2025-08-21 11:53:37,649 - INFO - 📊 Progress: 13,000 items, Last ID: 6317
2025-08-21 11:53:37,666 - INFO - ✅ Chunk committed: 1,000 processed, 1,000 updated in 19.1s
2025-08-21 11:53:57,152 - INFO - 📊 Progress: 14,000 items, Last ID: 7170
2025-08-21 11:53:57,175 - INFO - ✅ Chunk committed: 1,000 processed, 1,000 updated in 19.0s
2025-08-21 11:54:20,174 - INFO - 📊 Progress: 15,000 items, Last ID: 8822
2025-08-21 11:54:20,193 - INFO - ✅ Chunk committed: 1,000 processed, 1,000 updated in 22.5s
2025-08-21 11:54:36,484 - INFO - 📊 Progress: 16,000 items, Last ID: 9304
2025-08-21 11:54:36,499 - INFO - ✅ Chunk committed: 1,000 processed, 1,000 updated in 15.8s
2025-08-21 11:54:53,054 - INFO - 📊 Progress: 17,000 items, Last ID: 9782
2025-08-21 11:54:53,072 - INFO - ✅ Chunk committed: 1,000 processed, 1,000 updated in 16.1s
2025-08-21 11:55:09,661 - INFO - 📊 Progress: 18,000 items, Last ID: 10236
2025-08-21 11:55:09,675 - INFO - ✅ Chunk committed: 1,000 processed, 1,000 updated in 16.1s
2025-08-21 11:55:28,231 - INFO - 📊 Progress: 19,000 items, Last ID: 10750
2025-08-21 11:55:28,244 - INFO - ✅ Chunk committed: 1,000 processed, 1,000 updated in 18.1s
2025-08-21 11:55:44,001 - INFO - 📊 Progress: 20,000 items, Last ID: 11217
2025-08-21 11:55:44,017 - INFO - ✅ Chunk committed: 1,000 processed, 1,000 updated in 15.3s
2025-08-21 11:55:59,340 - INFO - 📊 Progress: 21,000 items, Last ID: 11718
2025-08-21 11:55:59,355 - INFO - ✅ Chunk committed: 1,000 processed, 1,000 updated in 14.8s
2025-08-21 11:56:14,959 - INFO - 📊 Progress: 22,000 items, Last ID: 12307
2025-08-21 11:56:14,973 - INFO - ✅ Chunk committed: 1,000 processed, 1,000 updated in 15.1s
2025-08-21 11:56:31,987 - INFO - 📊 Progress: 23,000 items, Last ID: 12822
2025-08-21 11:56:32,001 - INFO - ✅ Chunk committed: 1,000 processed, 1,000 updated in 16.5s
2025-08-21 11:56:48,878 - INFO - 📊 Progress: 24,000 items, Last ID: 13310
2025-08-21 11:56:48,893 - INFO - ✅ Chunk committed: 1,000 processed, 1,000 updated in 16.4s
2025-08-21 11:57:07,613 - INFO - 📊 Progress: 25,000 items, Last ID: 13817
2025-08-21 11:57:07,627 - INFO - ✅ Chunk committed: 1,000 processed, 1,000 updated in 18.2s
2025-08-21 11:57:23,186 - INFO - 📊 Progress: 26,000 items, Last ID: 14282
2025-08-21 11:57:23,200 - INFO - ✅ Chunk committed: 1,000 processed, 1,000 updated in 15.1s
2025-08-21 11:57:39,742 - INFO - 📊 Progress: 27,000 items, Last ID: 14799
2025-08-21 11:57:39,755 - INFO - ✅ Chunk committed: 1,000 processed, 1,000 updated in 16.0s
2025-08-21 11:57:55,626 - INFO - 📊 Progress: 28,000 items, Last ID: 15280
2025-08-21 11:57:55,663 - INFO - ✅ Chunk committed: 1,000 processed, 1,000 updated in 15.4s
2025-08-21 11:58:11,126 - INFO - 📊 Progress: 29,000 items, Last ID: 15762
2025-08-21 11:58:11,142 - INFO - ✅ Chunk committed: 1,000 processed, 1,000 updated in 15.0s
2025-08-21 11:58:26,831 - INFO - 📊 Progress: 30,000 items, Last ID: 16245
2025-08-21 11:58:26,846 - INFO - ✅ Chunk committed: 1,000 processed, 1,000 updated in 15.2s
2025-08-21 11:58:41,170 - INFO - 📊 Progress: 31,000 items, Last ID: 16697
2025-08-21 11:58:41,186 - INFO - ✅ Chunk committed: 1,000 processed, 1,000 updated in 13.8s
2025-08-21 11:58:55,651 - INFO - 📊 Progress: 32,000 items, Last ID: 17164
2025-08-21 11:58:55,664 - INFO - ✅ Chunk committed: 1,000 processed, 1,000 updated in 14.0s
2025-08-21 11:59:10,146 - INFO - 📊 Progress: 33,000 items, Last ID: 17686
2025-08-21 11:59:10,162 - INFO - ✅ Chunk committed: 1,000 processed, 1,000 updated in 14.0s
2025-08-21 11:59:25,072 - INFO - 📊 Progress: 34,000 items, Last ID: 18288
2025-08-21 11:59:25,087 - INFO - ✅ Chunk committed: 1,000 processed, 1,000 updated in 14.4s
2025-08-21 11:59:40,407 - INFO - 📊 Progress: 35,000 items, Last ID: 18898
2025-08-21 11:59:40,426 - INFO - ✅ Chunk committed: 1,000 processed, 1,000 updated in 14.8s
2025-08-21 11:59:55,018 - INFO - 📊 Progress: 36,000 items, Last ID: 19484
2025-08-21 11:59:55,032 - INFO - ✅ Chunk committed: 1,000 processed, 1,000 updated in 14.1s
2025-08-21 12:00:10,229 - INFO - 📊 Progress: 37,000 items, Last ID: 20109
2025-08-21 12:00:10,245 - INFO - ✅ Chunk committed: 1,000 processed, 1,000 updated in 14.7s
2025-08-21 12:00:25,154 - INFO - 📊 Progress: 38,000 items, Last ID: 20714
2025-08-21 12:00:25,168 - INFO - ✅ Chunk committed: 1,000 processed, 1,000 updated in 14.4s
2025-08-21 12:00:39,718 - INFO - 📊 Progress: 39,000 items, Last ID: 21340
2025-08-21 12:00:39,742 - INFO - ✅ Chunk committed: 1,000 processed, 1,000 updated in 14.1s
2025-08-21 12:00:54,246 - INFO - 📊 Progress: 40,000 items, Last ID: 21949
2025-08-21 12:00:54,265 - INFO - ✅ Chunk committed: 1,000 processed, 1,000 updated in 14.0s
2025-08-21 12:01:08,794 - INFO - 📊 Progress: 41,000 items, Last ID: 22521
2025-08-21 12:01:08,810 - INFO - ✅ Chunk committed: 1,000 processed, 1,000 updated in 14.0s
2025-08-21 12:01:22,974 - INFO - 📊 Progress: 42,000 items, Last ID: 23113
2025-08-21 12:01:22,989 - INFO - ✅ Chunk committed: 1,000 processed, 1,000 updated in 13.7s
2025-08-21 12:01:38,526 - INFO - 📊 Progress: 43,000 items, Last ID: 23730
2025-08-21 12:01:38,541 - INFO - ✅ Chunk committed: 1,000 processed, 1,000 updated in 15.0s
2025-08-21 12:01:52,969 - INFO - 📊 Progress: 44,000 items, Last ID: 24348
2025-08-21 12:01:52,984 - INFO - ✅ Chunk committed: 1,000 processed, 1,000 updated in 13.9s
2025-08-21 12:02:07,631 - INFO - 📊 Progress: 45,000 items, Last ID: 24968
2025-08-21 12:02:07,645 - INFO - ✅ Chunk committed: 1,000 processed, 1,000 updated in 14.1s
2025-08-21 12:02:21,746 - INFO - 📊 Progress: 46,000 items, Last ID: 25598
2025-08-21 12:02:21,763 - INFO - ✅ Chunk committed: 1,000 processed, 1,000 updated in 13.6s
2025-08-21 12:02:36,845 - INFO - 📊 Progress: 47,000 items, Last ID: 26458
2025-08-21 12:02:36,859 - INFO - ✅ Chunk committed: 1,000 processed, 1,000 updated in 14.6s
2025-08-21 12:02:51,312 - INFO - 📊 Progress: 48,000 items, Last ID: 27085
2025-08-21 12:02:51,327 - INFO - ✅ Chunk committed: 1,000 processed, 1,000 updated in 13.9s
2025-08-21 12:03:04,948 - INFO - 📊 Progress: 49,000 items, Last ID: 27685
2025-08-21 12:03:04,963 - INFO - ✅ Chunk committed: 1,000 processed, 1,000 updated in 13.1s
2025-08-21 12:03:18,782 - INFO - 📊 Progress: 50,000 items, Last ID: 28301
2025-08-21 12:03:18,795 - INFO - ✅ Chunk committed: 1,000 processed, 1,000 updated in 13.3s
2025-08-21 12:03:33,296 - INFO - 📊 Progress: 51,000 items, Last ID: 28937
2025-08-21 12:03:33,313 - INFO - ✅ Chunk committed: 1,000 processed, 1,000 updated in 14.0s
2025-08-21 12:03:47,967 - INFO - 📊 Progress: 52,000 items, Last ID: 29566
2025-08-21 12:03:47,982 - INFO - ✅ Chunk committed: 1,000 processed, 1,000 updated in 14.1s
2025-08-21 12:04:01,400 - INFO - 📊 Progress: 53,000 items, Last ID: 30192
2025-08-21 12:04:01,417 - INFO - ✅ Chunk committed: 1,000 processed, 1,000 updated in 12.9s
2025-08-21 12:04:15,995 - INFO - 📊 Progress: 54,000 items, Last ID: 30808
2025-08-21 12:04:16,011 - INFO - ✅ Chunk committed: 1,000 processed, 1,000 updated in 14.1s
2025-08-21 12:04:30,254 - INFO - 📊 Progress: 55,000 items, Last ID: 31389
2025-08-21 12:04:30,269 - INFO - ✅ Chunk committed: 1,000 processed, 1,000 updated in 13.7s
2025-08-21 12:04:44,076 - INFO - 📊 Progress: 56,000 items, Last ID: 31997
2025-08-21 12:04:44,092 - INFO - ✅ Chunk committed: 1,000 processed, 1,000 updated in 13.3s
2025-08-21 12:04:57,183 - INFO - 📊 Progress: 57,000 items, Last ID: 32606
2025-08-21 12:04:57,198 - INFO - ✅ Chunk committed: 1,000 processed, 1,000 updated in 12.6s
2025-08-21 12:05:11,287 - INFO - 📊 Progress: 58,000 items, Last ID: 33210
2025-08-21 12:05:11,305 - INFO - ✅ Chunk committed: 1,000 processed, 1,000 updated in 13.6s
2025-08-21 12:05:24,683 - INFO - 📊 Progress: 59,000 items, Last ID: 33831
2025-08-21 12:05:24,697 - INFO - ✅ Chunk committed: 1,000 processed, 1,000 updated in 12.9s
2025-08-21 12:05:38,314 - INFO - 📊 Progress: 60,000 items, Last ID: 34439
2025-08-21 12:05:38,331 - INFO - ✅ Chunk committed: 1,000 processed, 1,000 updated in 13.1s
2025-08-21 12:05:51,643 - INFO - 📊 Progress: 61,000 items, Last ID: 35073
2025-08-21 12:05:51,660 - INFO - ✅ Chunk committed: 1,000 processed, 1,000 updated in 12.8s
2025-08-21 12:06:05,252 - INFO - 📊 Progress: 62,000 items, Last ID: 35701
2025-08-21 12:06:05,267 - INFO - ✅ Chunk committed: 1,000 processed, 1,000 updated in 13.1s
2025-08-21 12:06:18,878 - INFO - 📊 Progress: 63,000 items, Last ID: 36329
2025-08-21 12:06:18,894 - INFO - ✅ Chunk committed: 1,000 processed, 1,000 updated in 13.1s
2025-08-21 12:06:31,817 - INFO - 📊 Progress: 64,000 items, Last ID: 36965
2025-08-21 12:06:31,834 - INFO - ✅ Chunk committed: 1,000 processed, 1,000 updated in 12.4s
2025-08-21 12:06:44,880 - INFO - 📊 Progress: 65,000 items, Last ID: 37608
2025-08-21 12:06:44,897 - INFO - ✅ Chunk committed: 1,000 processed, 1,000 updated in 12.5s
2025-08-21 12:06:58,343 - INFO - 📊 Progress: 66,000 items, Last ID: 38251
2025-08-21 12:06:58,357 - INFO - ✅ Chunk committed: 1,000 processed, 1,000 updated in 12.9s
2025-08-21 12:07:12,193 - INFO - 📊 Progress: 67,000 items, Last ID: 38890
2025-08-21 12:07:12,207 - INFO - ✅ Chunk committed: 1,000 processed, 1,000 updated in 13.3s
2025-08-21 12:07:25,451 - INFO - 📊 Progress: 68,000 items, Last ID: 39500
2025-08-21 12:07:25,467 - INFO - ✅ Chunk committed: 1,000 processed, 1,000 updated in 12.7s
2025-08-21 12:07:38,453 - INFO - 📊 Progress: 69,000 items, Last ID: 40108
2025-08-21 12:07:38,480 - INFO - ✅ Chunk committed: 1,000 processed, 1,000 updated in 12.5s
2025-08-21 12:07:51,255 - INFO - 📊 Progress: 70,000 items, Last ID: 40728
2025-08-21 12:07:51,269 - INFO - ✅ Chunk committed: 1,000 processed, 1,000 updated in 12.3s
2025-08-21 12:08:04,542 - INFO - 📊 Progress: 71,000 items, Last ID: 41361
2025-08-21 12:08:05,212 - INFO - ✅ Chunk committed: 1,000 processed, 1,000 updated in 13.4s
2025-08-21 12:08:18,488 - INFO - 📊 Progress: 72,000 items, Last ID: 41980
2025-08-21 12:08:18,507 - INFO - ✅ Chunk committed: 1,000 processed, 1,000 updated in 12.8s
2025-08-21 12:08:31,355 - INFO - 📊 Progress: 73,000 items, Last ID: 42593
2025-08-21 12:08:31,370 - INFO - ✅ Chunk committed: 1,000 processed, 1,000 updated in 12.3s
2025-08-21 12:08:44,191 - INFO - 📊 Progress: 74,000 items, Last ID: 43217
2025-08-21 12:08:44,205 - INFO - ✅ Chunk committed: 1,000 processed, 1,000 updated in 12.3s
2025-08-21 12:08:56,996 - INFO - 📊 Progress: 75,000 items, Last ID: 43840
2025-08-21 12:08:57,013 - INFO - ✅ Chunk committed: 1,000 processed, 1,000 updated in 12.3s
2025-08-21 12:09:10,366 - INFO - 📊 Progress: 76,000 items, Last ID: 44462
2025-08-21 12:09:10,380 - INFO - ✅ Chunk committed: 1,000 processed, 1,000 updated in 12.8s
2025-08-21 12:09:23,206 - INFO - 📊 Progress: 77,000 items, Last ID: 45097
2025-08-21 12:09:23,220 - INFO - ✅ Chunk committed: 1,000 processed, 1,000 updated in 12.3s
2025-08-21 12:09:36,047 - INFO - 📊 Progress: 78,000 items, Last ID: 45722
2025-08-21 12:09:36,073 - INFO - ✅ Chunk committed: 1,000 processed, 1,000 updated in 12.3s
2025-08-21 12:09:49,248 - INFO - 📊 Progress: 79,000 items, Last ID: 46346
2025-08-21 12:09:49,264 - INFO - ✅ Chunk committed: 1,000 processed, 1,000 updated in 12.7s
2025-08-21 12:10:02,425 - INFO - 📊 Progress: 80,000 items, Last ID: 46974
2025-08-21 12:10:02,442 - INFO - ✅ Chunk committed: 1,000 processed, 1,000 updated in 12.7s
2025-08-21 12:10:14,773 - INFO - 📊 Progress: 81,000 items, Last ID: 47596
2025-08-21 12:10:14,788 - INFO - ✅ Chunk committed: 1,000 processed, 1,000 updated in 11.8s
2025-08-21 12:10:27,622 - INFO - 📊 Progress: 82,000 items, Last ID: 50244
2025-08-21 12:10:27,638 - INFO - ✅ Chunk committed: 1,000 processed, 1,000 updated in 12.3s
2025-08-21 12:10:40,223 - INFO - 📊 Progress: 83,000 items, Last ID: 51631
2025-08-21 12:10:40,239 - INFO - ✅ Chunk committed: 1,000 processed, 1,000 updated in 12.1s
2025-08-21 12:10:52,067 - INFO - 📊 Progress: 84,000 items, Last ID: 53755
2025-08-21 12:10:52,082 - INFO - ✅ Chunk committed: 1,000 processed, 1,000 updated in 11.3s
2025-08-21 12:11:04,164 - INFO - 📊 Progress: 85,000 items, Last ID: 55383
2025-08-21 12:11:04,180 - INFO - ✅ Chunk committed: 1,000 processed, 1,000 updated in 11.6s
2025-08-21 12:11:17,294 - INFO - 📊 Progress: 86,000 items, Last ID: 56720
2025-08-21 12:11:17,311 - INFO - ✅ Chunk committed: 1,000 processed, 1,000 updated in 12.6s
2025-08-21 12:11:30,510 - INFO - 📊 Progress: 87,000 items, Last ID: 57524
2025-08-21 12:11:30,525 - INFO - ✅ Chunk committed: 1,000 processed, 1,000 updated in 12.7s
2025-08-21 12:11:43,202 - INFO - 📊 Progress: 88,000 items, Last ID: 58317
2025-08-21 12:11:43,223 - INFO - ✅ Chunk committed: 1,000 processed, 1,000 updated in 12.2s
2025-08-21 12:11:55,692 - INFO - 📊 Progress: 89,000 items, Last ID: 60072
2025-08-21 12:11:55,707 - INFO - ✅ Chunk committed: 1,000 processed, 1,000 updated in 11.9s
2025-08-21 12:12:08,143 - INFO - 📊 Progress: 90,000 items, Last ID: 60896
2025-08-21 12:12:08,303 - INFO - ✅ Chunk committed: 1,000 processed, 1,000 updated in 12.1s
2025-08-21 12:12:20,539 - INFO - 📊 Progress: 91,000 items, Last ID: 62358
2025-08-21 12:12:20,554 - INFO - ✅ Chunk committed: 1,000 processed, 1,000 updated in 11.7s
2025-08-21 12:12:32,757 - INFO - 📊 Progress: 92,000 items, Last ID: 67299
2025-08-21 12:12:32,770 - INFO - ✅ Chunk committed: 1,000 processed, 1,000 updated in 11.7s
2025-08-21 12:12:45,678 - INFO - 📊 Progress: 93,000 items, Last ID: 68356
2025-08-21 12:12:45,701 - INFO - ✅ Chunk committed: 1,000 processed, 1,000 updated in 12.4s
2025-08-21 12:12:58,098 - INFO - 📊 Progress: 94,000 items, Last ID: 70267
2025-08-21 12:12:58,112 - INFO - ✅ Chunk committed: 1,000 processed, 1,000 updated in 11.9s
2025-08-21 12:13:11,683 - INFO - 📊 Progress: 95,000 items, Last ID: 73859
2025-08-21 12:13:11,700 - INFO - ✅ Chunk committed: 1,000 processed, 1,000 updated in 13.1s
2025-08-21 12:13:23,889 - INFO - 📊 Progress: 96,000 items, Last ID: 75347
2025-08-21 12:13:23,907 - INFO - ✅ Chunk committed: 1,000 processed, 1,000 updated in 11.7s
2025-08-21 12:13:36,646 - INFO - 📊 Progress: 97,000 items, Last ID: 76973
2025-08-21 12:13:36,662 - INFO - ✅ Chunk committed: 1,000 processed, 1,000 updated in 12.2s
2025-08-21 12:13:53,364 - INFO - 📊 Progress: 98,000 items, Last ID: 78565
2025-08-21 12:13:53,382 - INFO - ✅ Chunk committed: 1,000 processed, 1,000 updated in 16.2s
2025-08-21 12:14:06,101 - INFO - 📊 Progress: 99,000 items, Last ID: 80298
2025-08-21 12:14:06,133 - INFO - ✅ Chunk committed: 1,000 processed, 1,000 updated in 12.2s
2025-08-21 12:14:18,912 - INFO - 📊 Progress: 100,000 items, Last ID: 82538
2025-08-21 12:14:18,930 - INFO - ✅ Chunk committed: 1,000 processed, 1,000 updated in 12.3s
2025-08-21 12:14:33,596 - INFO - 📊 Progress: 101,000 items, Last ID: 84875
2025-08-21 12:14:33,617 - INFO - ✅ Chunk committed: 1,000 processed, 1,000 updated in 14.2s
2025-08-21 12:14:48,312 - INFO - 📊 Progress: 102,000 items, Last ID: 85911
2025-08-21 12:14:48,326 - INFO - ✅ Chunk committed: 1,000 processed, 1,000 updated in 14.2s
2025-08-21 12:15:03,113 - INFO - 📊 Progress: 103,000 items, Last ID: 86991
2025-08-21 12:15:03,129 - INFO - ✅ Chunk committed: 1,000 processed, 1,000 updated in 14.3s
2025-08-21 12:15:16,945 - INFO - 📊 Progress: 104,000 items, Last ID: 93039
2025-08-21 12:15:16,963 - INFO - ✅ Chunk committed: 1,000 processed, 1,000 updated in 13.3s
2025-08-21 12:15:32,803 - INFO - 📊 Progress: 105,000 items, Last ID: 95273
2025-08-21 12:15:32,829 - INFO - ✅ Chunk committed: 1,000 processed, 1,000 updated in 15.4s
2025-08-21 12:15:47,921 - INFO - 📊 Progress: 106,000 items, Last ID: 99670
2025-08-21 12:15:47,989 - INFO - ✅ Chunk committed: 1,000 processed, 1,000 updated in 14.6s
2025-08-21 12:16:06,859 - INFO - 📊 Progress: 107,000 items, Last ID: 101387
2025-08-21 12:16:06,881 - INFO - ✅ Chunk committed: 1,000 processed, 1,000 updated in 18.4s
2025-08-21 12:16:23,150 - INFO - 📊 Progress: 108,000 items, Last ID: 102938
2025-08-21 12:16:23,169 - INFO - ✅ Chunk committed: 1,000 processed, 1,000 updated in 15.8s
2025-08-21 12:16:40,553 - INFO - 📊 Progress: 109,000 items, Last ID: 104478
2025-08-21 12:16:40,597 - INFO - ✅ Chunk committed: 1,000 processed, 1,000 updated in 16.9s
2025-08-21 12:17:12,627 - INFO - 📊 Progress: 110,000 items, Last ID: 106065
2025-08-21 12:17:12,643 - INFO - ✅ Chunk committed: 1,000 processed, 1,000 updated in 31.5s
2025-08-21 12:17:34,255 - INFO - 📊 Progress: 111,000 items, Last ID: 107627
2025-08-21 12:17:34,273 - INFO - ✅ Chunk committed: 1,000 processed, 1,000 updated in 21.1s
2025-08-21 12:17:53,040 - INFO - 📊 Progress: 112,000 items, Last ID: 110950
2025-08-21 12:17:53,057 - INFO - ✅ Chunk committed: 1,000 processed, 1,000 updated in 18.3s
2025-08-21 12:18:17,519 - INFO - 📊 Progress: 113,000 items, Last ID: 112472
2025-08-21 12:18:17,553 - INFO - ✅ Chunk committed: 1,000 processed, 1,000 updated in 24.0s
2025-08-21 12:18:34,501 - INFO - 📊 Progress: 114,000 items, Last ID: 114134
2025-08-21 12:18:34,521 - INFO - ✅ Chunk committed: 1,000 processed, 1,000 updated in 16.4s
2025-08-21 12:18:49,324 - INFO - 📊 Progress: 115,000 items, Last ID: 115678
2025-08-21 12:18:49,342 - INFO - ✅ Chunk committed: 1,000 processed, 1,000 updated in 14.3s
2025-08-21 12:19:10,206 - INFO - 📊 Progress: 116,000 items, Last ID: 120609
2025-08-21 12:19:10,240 - INFO - ✅ Chunk committed: 1,000 processed, 1,000 updated in 20.4s
2025-08-21 12:19:33,729 - INFO - 📊 Progress: 117,000 items, Last ID: 121848
2025-08-21 12:19:33,771 - INFO - ✅ Chunk committed: 1,000 processed, 1,000 updated in 23.0s
2025-08-21 12:19:55,082 - INFO - 📊 Progress: 118,000 items, Last ID: 128962
2025-08-21 12:19:55,098 - INFO - ✅ Chunk committed: 1,000 processed, 1,000 updated in 20.8s
2025-08-21 12:20:15,985 - INFO - 📊 Progress: 119,000 items, Last ID: 130793
2025-08-21 12:20:16,002 - INFO - ✅ Chunk committed: 1,000 processed, 1,000 updated in 20.4s
2025-08-21 12:20:37,419 - INFO - 📊 Progress: 120,000 items, Last ID: 132397
2025-08-21 12:20:37,438 - INFO - ✅ Chunk committed: 1,000 processed, 1,000 updated in 20.9s
2025-08-21 12:20:56,392 - INFO - 📊 Progress: 121,000 items, Last ID: 133826
2025-08-21 12:20:56,411 - INFO - ✅ Chunk committed: 1,000 processed, 1,000 updated in 18.5s
2025-08-21 12:21:19,631 - INFO - 📊 Progress: 122,000 items, Last ID: 135087
2025-08-21 12:21:19,649 - INFO - ✅ Chunk committed: 1,000 processed, 1,000 updated in 22.7s
2025-08-21 12:21:37,439 - INFO - 📊 Progress: 123,000 items, Last ID: 136321
2025-08-21 12:21:37,456 - INFO - ✅ Chunk committed: 1,000 processed, 1,000 updated in 17.3s
2025-08-21 12:22:02,622 - INFO - 📊 Progress: 124,000 items, Last ID: 137912
2025-08-21 12:22:02,638 - INFO - ✅ Chunk committed: 1,000 processed, 1,000 updated in 24.7s
2025-08-21 12:22:20,550 - INFO - 📊 Progress: 125,000 items, Last ID: 140698
2025-08-21 12:22:20,581 - INFO - ✅ Chunk committed: 1,000 processed, 1,000 updated in 17.4s
2025-08-21 12:22:39,260 - INFO - 📊 Progress: 126,000 items, Last ID: 143501
2025-08-21 12:22:39,284 - INFO - ✅ Chunk committed: 1,000 processed, 1,000 updated in 18.2s
2025-08-21 12:22:57,385 - INFO - 📊 Progress: 127,000 items, Last ID: 144840
2025-08-21 12:22:57,404 - INFO - ✅ Chunk committed: 1,000 processed, 1,000 updated in 17.6s
2025-08-21 12:23:13,598 - INFO - 📊 Progress: 128,000 items, Last ID: 146353
2025-08-21 12:23:13,620 - INFO - ✅ Chunk committed: 1,000 processed, 1,000 updated in 15.7s
2025-08-21 12:23:30,064 - INFO - 📊 Progress: 129,000 items, Last ID: 147928
2025-08-21 12:23:30,081 - INFO - ✅ Chunk committed: 1,000 processed, 1,000 updated in 15.9s
2025-08-21 12:23:50,114 - INFO - 📊 Progress: 130,000 items, Last ID: 152309
2025-08-21 12:23:50,130 - INFO - ✅ Chunk committed: 1,000 processed, 1,000 updated in 19.5s
2025-08-21 12:24:07,193 - INFO - 📊 Progress: 131,000 items, Last ID: 154978
2025-08-21 12:24:07,214 - INFO - ✅ Chunk committed: 1,000 processed, 1,000 updated in 16.6s
2025-08-21 12:24:23,578 - INFO - 📊 Progress: 132,000 items, Last ID: 161676
2025-08-21 12:24:23,598 - INFO - ✅ Chunk committed: 1,000 processed, 1,000 updated in 15.9s
2025-08-21 12:24:38,563 - INFO - 📊 Progress: 133,000 items, Last ID: 175262
2025-08-21 12:24:38,579 - INFO - ✅ Chunk committed: 1,000 processed, 1,000 updated in 14.5s
2025-08-21 12:24:53,071 - INFO - 📊 Progress: 134,000 items, Last ID: 178378
2025-08-21 12:24:53,091 - INFO - ✅ Chunk committed: 1,000 processed, 1,000 updated in 14.0s
2025-08-21 12:25:09,361 - INFO - 📊 Progress: 135,000 items, Last ID: 180012
2025-08-21 12:25:09,380 - INFO - ✅ Chunk committed: 1,000 processed, 1,000 updated in 15.8s
2025-08-21 12:25:15,554 - INFO - ✅ Chunk committed: 326 processed, 326 updated in 5.7s
2025-08-21 12:25:16,085 - INFO - 📊 Final shipping fee stats:
2025-08-21 12:25:16,085 - INFO -    Processed: 135,326
2025-08-21 12:25:16,085 - INFO -    Updated: 135,326
2025-08-21 12:25:16,085 - INFO -    Errors: 0
2025-08-21 12:25:16,086 - INFO -    Recoveries: 0
2025-08-21 12:25:16,086 - INFO - 🚚 Processing delivery fees with recovery...
2025-08-21 12:25:16,086 - ERROR - ❌ Delivery processing attempt 1 failed: Transaction already in progress
2025-08-21 12:25:16,097 - WARNING - 🔄 Attempting database reconnection...
2025-08-21 12:25:18,205 - INFO - ✅ Database reconnected successfully (attempt 1)
2025-08-21 12:37:59,221 - INFO - ✅ Delivery fees updated: 45,003/45,003
2025-08-21 12:37:59,236 - INFO - 📄 Final report saved: production_logs/ultra_stable_report_20250821_123759.md
2025-08-21 12:37:59,236 - INFO - 🎉 === ULTRA-STABLE PROCESSING COMPLETED ===
